2026-01-18 02:08:02,521 | INFO     | __main__ | ======================================================================
2026-01-18 02:08:02,521 | INFO     | __main__ | UNSW-NB15 CLASS IMBALANCE STUDY
2026-01-18 02:08:02,521 | INFO     | __main__ | ======================================================================
2026-01-18 02:08:02,521 | INFO     | __main__ | Started at: 2026-01-18T02:08:02.521531
2026-01-18 02:08:02,522 | INFO     | __main__ | 
==================================================
2026-01-18 02:08:02,522 | INFO     | __main__ | PHASE 1: DATA PREPROCESSING
2026-01-18 02:08:02,522 | INFO     | __main__ | ==================================================
2026-01-18 02:08:02,523 | INFO     | src.data.loader | Dataset files validated successfully
2026-01-18 02:08:02,523 | INFO     | src.data.loader | Loading training data from dataset\UNSW_NB15_training-set.csv
2026-01-18 02:08:02,902 | INFO     | src.data.loader | Loaded 175,341 training samples with 45 columns
2026-01-18 02:08:02,903 | INFO     | src.data.loader | Loading test data from dataset\UNSW_NB15_testing-set.csv
2026-01-18 02:08:03,078 | INFO     | src.data.loader | Loaded 82,332 test samples with 45 columns
2026-01-18 02:08:03,078 | INFO     | src.data.preprocessing | ============================================================
2026-01-18 02:08:03,079 | INFO     | src.data.preprocessing | Starting preprocessing pipeline
2026-01-18 02:08:03,079 | INFO     | src.data.preprocessing | ============================================================
2026-01-18 02:08:03,079 | INFO     | src.data.preprocessing | Identified 39 numerical features
2026-01-18 02:08:03,079 | INFO     | src.data.preprocessing | Identified 3 categorical features
2026-01-18 02:08:03,079 | INFO     | src.data.preprocessing | Creating 80%/20% train/val split
2026-01-18 02:08:03,228 | INFO     | src.data.preprocessing | Training samples: 140,272
2026-01-18 02:08:03,228 | INFO     | src.data.preprocessing | Validation samples: 35,069
2026-01-18 02:08:03,228 | INFO     | src.data.preprocessing | Test samples: 82,332
2026-01-18 02:08:03,257 | INFO     | src.data.preprocessing | Label mapping: {np.str_('Analysis'): 0, np.str_('Backdoor'): 1, np.str_('DoS'): 2, np.str_('Exploits'): 3, np.str_('Fuzzers'): 4, np.str_('Generic'): 5, np.str_('Normal'): 6, np.str_('Reconnaissance'): 7, np.str_('Shellcode'): 8, np.str_('Worms'): 9}
2026-01-18 02:08:03,298 | INFO     | src.data.preprocessing | Fitting preprocessor on training data...
2026-01-18 02:08:03,922 | INFO     | src.data.preprocessing | Transforming validation and test data...
2026-01-18 02:08:04,123 | INFO     | src.data.preprocessing | Extracted 194 feature names
2026-01-18 02:08:04,123 | INFO     | src.data.preprocessing | ----------------------------------------
2026-01-18 02:08:04,123 | INFO     | src.data.preprocessing | Preprocessing complete!
2026-01-18 02:08:04,123 | INFO     | src.data.preprocessing | X_train shape: (140272, 194)
2026-01-18 02:08:04,124 | INFO     | src.data.preprocessing | X_val shape: (35069, 194)
2026-01-18 02:08:04,124 | INFO     | src.data.preprocessing | X_test shape: (82332, 194)
2026-01-18 02:08:04,124 | INFO     | src.data.preprocessing | Total features: 194
2026-01-18 02:08:04,169 | INFO     | src.data.preprocessing | [OK] Data leakage validation passed
2026-01-18 02:08:04,178 | INFO     | src.data.preprocessing | Saved preprocessing metadata to results\processed\preprocessing_metadata.json
2026-01-18 02:08:04,178 | INFO     | __main__ | 
==================================================
2026-01-18 02:08:04,178 | INFO     | __main__ | PHASE 2: RUNNING EXPERIMENTS
2026-01-18 02:08:04,178 | INFO     | __main__ | ==================================================
2026-01-18 02:08:04,179 | INFO     | __main__ | Total experiments to run: 18
2026-01-18 02:08:04,179 | INFO     | __main__ | 
[1/18] SKIPPING binary_lr_s0 (already completed)
2026-01-18 02:08:04,180 | INFO     | __main__ | 
[2/18] SKIPPING binary_lr_s1 (already completed)
2026-01-18 02:08:04,180 | INFO     | __main__ | 
[3/18] SKIPPING binary_lr_s2a (already completed)
2026-01-18 02:08:04,180 | INFO     | __main__ | 
[4/18] SKIPPING binary_rf_s0 (already completed)
2026-01-18 02:08:04,181 | INFO     | __main__ | 
[5/18] SKIPPING binary_rf_s1 (already completed)
2026-01-18 02:08:04,181 | INFO     | __main__ | 
[6/18] SKIPPING binary_rf_s2a (already completed)
2026-01-18 02:08:04,182 | INFO     | __main__ | 
[7/18] SKIPPING binary_xgb_s0 (already completed)
2026-01-18 02:08:04,182 | INFO     | __main__ | 
[8/18] SKIPPING binary_xgb_s1 (already completed)
2026-01-18 02:08:04,182 | INFO     | __main__ | 
[9/18] SKIPPING binary_xgb_s2a (already completed)
2026-01-18 02:08:04,183 | INFO     | __main__ | 
[10/18] SKIPPING multi_lr_s0 (already completed)
2026-01-18 02:08:04,183 | INFO     | __main__ | 
[11/18] SKIPPING multi_lr_s1 (already completed)
2026-01-18 02:08:04,183 | INFO     | __main__ | 
[12/18] Running multi_lr_s2a
2026-01-18 02:08:04,183 | INFO     | __main__ | ============================================================
2026-01-18 02:08:04,184 | INFO     | __main__ | EXPERIMENT: multi_lr_s2a
2026-01-18 02:08:04,184 | INFO     | __main__ |   Task:     multi
2026-01-18 02:08:04,184 | INFO     | __main__ |   Model:    LR
2026-01-18 02:08:04,184 | INFO     | __main__ |   Strategy: S2A
2026-01-18 02:08:04,184 | INFO     | __main__ | ============================================================
2026-01-18 02:08:04,898 | INFO     | src.strategies.imbalance | S2a: RandomOverSampler applied
2026-01-18 02:08:04,899 | INFO     | src.strategies.imbalance |      Original size: 140,272 -> New size: 448,000
2026-01-18 02:08:04,899 | INFO     | src.strategies.imbalance |      Expansion ratio: 3.19x
2026-01-18 02:08:04,900 | INFO     | src.models.trainer | Training LogisticRegression on 448,000 samples...
2026-01-18 02:53:24,260 | INFO     | src.models.trainer | Training completed in 2719.36s
2026-01-18 02:53:24,641 | INFO     | __main__ | 
Results:
2026-01-18 02:53:24,642 | INFO     | __main__ | Accuracy:    0.6153
Macro F1:    0.3422
Weighted F1: 0.6785
G-Mean:      0.7220
ROC-AUC:     0.9413
2026-01-18 02:53:24,649 | INFO     | __main__ | Saved metrics to results\metrics\multi_lr_s2a.json
2026-01-18 02:53:25,388 | INFO     | src.evaluation.plots | Saved confusion matrix to results\figures\cm_multi_lr_s2a.png
2026-01-18 02:53:25,389 | INFO     | __main__ | Completed multi_lr_s2a in 2720.46s
2026-01-18 02:53:25,389 | INFO     | __main__ | ------------------------------------------------------------
2026-01-18 02:53:25,441 | INFO     | __main__ | 
[13/18] Running multi_rf_s0
2026-01-18 02:53:25,441 | INFO     | __main__ | ============================================================
2026-01-18 02:53:25,441 | INFO     | __main__ | EXPERIMENT: multi_rf_s0
2026-01-18 02:53:25,441 | INFO     | __main__ |   Task:     multi
2026-01-18 02:53:25,441 | INFO     | __main__ |   Model:    RF
2026-01-18 02:53:25,441 | INFO     | __main__ |   Strategy: S0
2026-01-18 02:53:25,441 | INFO     | __main__ | ============================================================
2026-01-18 02:53:25,442 | INFO     | src.strategies.imbalance | S0: No balancing applied. Training size: 140,272
2026-01-18 02:53:25,446 | INFO     | src.models.trainer | Training RandomForestClassifier on 140,272 samples...
2026-01-18 02:53:34,734 | INFO     | src.models.trainer | Training completed in 9.29s
2026-01-18 02:53:35,927 | INFO     | __main__ | 
Results:
2026-01-18 02:53:35,927 | INFO     | __main__ | Accuracy:    0.7676
Macro F1:    0.4500
Weighted F1: 0.7724
G-Mean:      0.6831
ROC-AUC:     0.9601
2026-01-18 02:53:35,929 | INFO     | __main__ | Saved metrics to results\metrics\multi_rf_s0.json
2026-01-18 02:53:36,411 | INFO     | src.evaluation.plots | Saved confusion matrix to results\figures\cm_multi_rf_s0.png
2026-01-18 02:53:36,411 | INFO     | __main__ | Completed multi_rf_s0 in 10.49s
2026-01-18 02:53:36,411 | INFO     | __main__ | ------------------------------------------------------------
2026-01-18 02:53:36,425 | INFO     | __main__ | 
[14/18] Running multi_rf_s1
2026-01-18 02:53:36,425 | INFO     | __main__ | ============================================================
2026-01-18 02:53:36,425 | INFO     | __main__ | EXPERIMENT: multi_rf_s1
2026-01-18 02:53:36,426 | INFO     | __main__ |   Task:     multi
2026-01-18 02:53:36,426 | INFO     | __main__ |   Model:    RF
2026-01-18 02:53:36,426 | INFO     | __main__ |   Strategy: S1
2026-01-18 02:53:36,426 | INFO     | __main__ | ============================================================
2026-01-18 02:53:36,426 | INFO     | src.strategies.imbalance | S1: Class weighting enabled. Training size: 140,272
2026-01-18 02:53:36,427 | INFO     | src.models.trainer | Training RandomForestClassifier on 140,272 samples...
2026-01-18 02:53:45,526 | INFO     | src.models.trainer | Training completed in 9.10s
2026-01-18 02:53:46,707 | INFO     | __main__ | 
Results:
2026-01-18 02:53:46,707 | INFO     | __main__ | Accuracy:    0.6766
Macro F1:    0.4609
Weighted F1: 0.7292
G-Mean:      0.7422
ROC-AUC:     0.9548
2026-01-18 02:53:46,709 | INFO     | __main__ | Saved metrics to results\metrics\multi_rf_s1.json
2026-01-18 02:53:47,189 | INFO     | src.evaluation.plots | Saved confusion matrix to results\figures\cm_multi_rf_s1.png
2026-01-18 02:53:47,189 | INFO     | __main__ | Completed multi_rf_s1 in 10.28s
2026-01-18 02:53:47,190 | INFO     | __main__ | ------------------------------------------------------------
2026-01-18 02:53:47,200 | INFO     | __main__ | 
[15/18] Running multi_rf_s2a
2026-01-18 02:53:47,201 | INFO     | __main__ | ============================================================
2026-01-18 02:53:47,201 | INFO     | __main__ | EXPERIMENT: multi_rf_s2a
2026-01-18 02:53:47,201 | INFO     | __main__ |   Task:     multi
2026-01-18 02:53:47,201 | INFO     | __main__ |   Model:    RF
2026-01-18 02:53:47,201 | INFO     | __main__ |   Strategy: S2A
2026-01-18 02:53:47,201 | INFO     | __main__ | ============================================================
2026-01-18 02:53:49,381 | INFO     | src.strategies.imbalance | S2a: RandomOverSampler applied
2026-01-18 02:53:49,383 | INFO     | src.strategies.imbalance |      Original size: 140,272 -> New size: 448,000
2026-01-18 02:53:49,384 | INFO     | src.strategies.imbalance |      Expansion ratio: 3.19x
2026-01-18 02:53:49,393 | INFO     | src.models.trainer | Training RandomForestClassifier on 448,000 samples...
2026-01-18 02:54:32,843 | INFO     | src.models.trainer | Training completed in 43.45s
2026-01-18 02:54:34,144 | INFO     | __main__ | 
Results:
2026-01-18 02:54:34,144 | INFO     | __main__ | Accuracy:    0.6733
Macro F1:    0.4545
Weighted F1: 0.7265
G-Mean:      0.7469
ROC-AUC:     0.9539
2026-01-18 02:54:34,147 | INFO     | __main__ | Saved metrics to results\metrics\multi_rf_s2a.json
2026-01-18 02:54:34,690 | INFO     | src.evaluation.plots | Saved confusion matrix to results\figures\cm_multi_rf_s2a.png
2026-01-18 02:54:34,691 | INFO     | __main__ | Completed multi_rf_s2a in 46.94s
2026-01-18 02:54:34,691 | INFO     | __main__ | ------------------------------------------------------------
2026-01-18 02:54:34,748 | INFO     | __main__ | 
[16/18] Running multi_xgb_s0
2026-01-18 02:54:34,748 | INFO     | __main__ | ============================================================
2026-01-18 02:54:34,748 | INFO     | __main__ | EXPERIMENT: multi_xgb_s0
2026-01-18 02:54:34,749 | INFO     | __main__ |   Task:     multi
2026-01-18 02:54:34,749 | INFO     | __main__ |   Model:    XGB
2026-01-18 02:54:34,749 | INFO     | __main__ |   Strategy: S0
2026-01-18 02:54:34,749 | INFO     | __main__ | ============================================================
2026-01-18 02:54:34,749 | INFO     | src.strategies.imbalance | S0: No balancing applied. Training size: 140,272
2026-01-18 02:54:34,754 | INFO     | src.models.trainer | Training XGBClassifier on 140,272 samples...
2026-01-18 02:55:03,057 | INFO     | src.models.trainer | Training completed in 28.30s
2026-01-18 02:55:04,375 | INFO     | __main__ | 
Results:
2026-01-18 02:55:04,375 | INFO     | __main__ | Accuracy:    0.7636
Macro F1:    0.5045
Weighted F1: 0.7793
G-Mean:      0.7207
ROC-AUC:     0.9621
2026-01-18 02:55:04,376 | INFO     | __main__ | Saved metrics to results\metrics\multi_xgb_s0.json
2026-01-18 02:55:04,862 | INFO     | src.evaluation.plots | Saved confusion matrix to results\figures\cm_multi_xgb_s0.png
2026-01-18 02:55:04,862 | INFO     | __main__ | Completed multi_xgb_s0 in 29.63s
2026-01-18 02:55:04,862 | INFO     | __main__ | ------------------------------------------------------------
2026-01-18 02:55:04,867 | INFO     | __main__ | 
[17/18] Running multi_xgb_s1
2026-01-18 02:55:04,868 | INFO     | __main__ | ============================================================
2026-01-18 02:55:04,868 | INFO     | __main__ | EXPERIMENT: multi_xgb_s1
2026-01-18 02:55:04,868 | INFO     | __main__ |   Task:     multi
2026-01-18 02:55:04,868 | INFO     | __main__ |   Model:    XGB
2026-01-18 02:55:04,868 | INFO     | __main__ |   Strategy: S1
2026-01-18 02:55:04,868 | INFO     | __main__ | ============================================================
2026-01-18 02:55:04,868 | INFO     | src.strategies.imbalance | S1: Class weighting enabled. Training size: 140,272
2026-01-18 02:55:04,897 | INFO     | src.strategies.imbalance | S1: Computed sample weights for 10 classes
2026-01-18 02:55:04,898 | INFO     | src.models.trainer | Training XGBClassifier on 140,272 samples...
2026-01-18 02:55:33,429 | INFO     | src.models.trainer | Training completed in 28.53s
2026-01-18 02:55:34,729 | INFO     | __main__ | 
Results:
2026-01-18 02:55:34,729 | INFO     | __main__ | Accuracy:    0.6957
Macro F1:    0.5240
Weighted F1: 0.7471
G-Mean:      0.7841
ROC-AUC:     0.9574
2026-01-18 02:55:34,730 | INFO     | __main__ | Saved metrics to results\metrics\multi_xgb_s1.json
2026-01-18 02:55:35,225 | INFO     | src.evaluation.plots | Saved confusion matrix to results\figures\cm_multi_xgb_s1.png
2026-01-18 02:55:35,225 | INFO     | __main__ | Completed multi_xgb_s1 in 29.86s
2026-01-18 02:55:35,225 | INFO     | __main__ | ------------------------------------------------------------
2026-01-18 02:55:35,232 | INFO     | __main__ | 
[18/18] Running multi_xgb_s2a
2026-01-18 02:55:35,232 | INFO     | __main__ | ============================================================
2026-01-18 02:55:35,232 | INFO     | __main__ | EXPERIMENT: multi_xgb_s2a
2026-01-18 02:55:35,232 | INFO     | __main__ |   Task:     multi
2026-01-18 02:55:35,232 | INFO     | __main__ |   Model:    XGB
2026-01-18 02:55:35,232 | INFO     | __main__ |   Strategy: S2A
2026-01-18 02:55:35,232 | INFO     | __main__ | ============================================================
2026-01-18 02:55:35,701 | INFO     | src.strategies.imbalance | S2a: RandomOverSampler applied
2026-01-18 02:55:35,701 | INFO     | src.strategies.imbalance |      Original size: 140,272 -> New size: 448,000
2026-01-18 02:55:35,702 | INFO     | src.strategies.imbalance |      Expansion ratio: 3.19x
2026-01-18 02:55:35,703 | INFO     | src.models.trainer | Training XGBClassifier on 448,000 samples...
2026-01-18 02:57:01,020 | INFO     | src.models.trainer | Training completed in 85.32s
2026-01-18 02:57:02,436 | INFO     | __main__ | 
Results:
2026-01-18 02:57:02,436 | INFO     | __main__ | Accuracy:    0.7012
Macro F1:    0.5233
Weighted F1: 0.7511
G-Mean:      0.7840
ROC-AUC:     0.9584
2026-01-18 02:57:02,437 | INFO     | __main__ | Saved metrics to results\metrics\multi_xgb_s2a.json
2026-01-18 02:57:02,944 | INFO     | src.evaluation.plots | Saved confusion matrix to results\figures\cm_multi_xgb_s2a.png
2026-01-18 02:57:02,945 | INFO     | __main__ | Completed multi_xgb_s2a in 87.20s
2026-01-18 02:57:02,945 | INFO     | __main__ | ------------------------------------------------------------
2026-01-18 02:57:03,004 | INFO     | __main__ | 
==================================================
2026-01-18 02:57:03,005 | INFO     | __main__ | PHASE 3: GENERATING REPORTS
2026-01-18 02:57:03,005 | INFO     | __main__ | ==================================================
2026-01-18 02:57:03,067 | INFO     | __main__ | Saved experiment log to results\experiment_log.csv
2026-01-18 02:57:03,070 | INFO     | __main__ | Generated final_summary_tables.csv
2026-01-18 02:57:03,074 | INFO     | __main__ | Generated per_class_metrics.csv
2026-01-18 02:57:03,076 | INFO     | __main__ | Generated rare_class_report.csv
2026-01-18 02:57:03,076 | INFO     | __main__ | 
======================================================================
2026-01-18 02:57:03,077 | INFO     | __main__ | EXPERIMENT PIPELINE COMPLETED
2026-01-18 02:57:03,077 | INFO     | __main__ | ======================================================================
2026-01-18 02:57:03,077 | INFO     | __main__ | Completed at: 2026-01-18T02:57:03.077449
2026-01-18 02:57:03,077 | INFO     | __main__ | Total experiments: 18
2026-01-18 02:57:03,077 | INFO     | __main__ | Successful: 18
2026-01-18 02:57:03,077 | INFO     | __main__ | Failed: 0
2026-01-18 02:57:03,078 | INFO     | __main__ | 
Results saved to: E:\University\ML\ML_PAPER_REVIEW\results
