2026-01-18 08:48:17,424 | INFO     | __main__ | ======================================================================
2026-01-18 08:48:17,424 | INFO     | __main__ | UNSW-NB15 CLASS IMBALANCE STUDY
2026-01-18 08:48:17,424 | INFO     | __main__ | ======================================================================
2026-01-18 08:48:17,424 | INFO     | __main__ | Started at: 2026-01-18T08:48:17.424554
2026-01-18 08:48:17,425 | INFO     | __main__ | 
==================================================
2026-01-18 08:48:17,425 | INFO     | __main__ | PHASE 1: DATA PREPROCESSING
2026-01-18 08:48:17,425 | INFO     | __main__ | ==================================================
2026-01-18 08:48:17,426 | INFO     | src.data.loader | Dataset files validated successfully
2026-01-18 08:48:17,426 | INFO     | src.data.loader | Loading training data from dataset\UNSW_NB15_training-set.csv
2026-01-18 08:48:17,789 | INFO     | src.data.loader | Loaded 175,341 training samples with 45 columns
2026-01-18 08:48:17,789 | INFO     | src.data.loader | Loading test data from dataset\UNSW_NB15_testing-set.csv
2026-01-18 08:48:17,965 | INFO     | src.data.loader | Loaded 82,332 test samples with 45 columns
2026-01-18 08:48:17,965 | INFO     | src.data.preprocessing | ============================================================
2026-01-18 08:48:17,965 | INFO     | src.data.preprocessing | Starting preprocessing pipeline
2026-01-18 08:48:17,965 | INFO     | src.data.preprocessing | ============================================================
2026-01-18 08:48:17,965 | INFO     | src.data.preprocessing | Identified 39 numerical features
2026-01-18 08:48:17,966 | INFO     | src.data.preprocessing | Identified 3 categorical features
2026-01-18 08:48:17,966 | INFO     | src.data.preprocessing | Creating 80%/20% train/val split
2026-01-18 08:48:18,121 | INFO     | src.data.preprocessing | Training samples: 140,272
2026-01-18 08:48:18,121 | INFO     | src.data.preprocessing | Validation samples: 35,069
2026-01-18 08:48:18,121 | INFO     | src.data.preprocessing | Test samples: 82,332
2026-01-18 08:48:18,148 | INFO     | src.data.preprocessing | Label mapping: {np.str_('Analysis'): 0, np.str_('Backdoor'): 1, np.str_('DoS'): 2, np.str_('Exploits'): 3, np.str_('Fuzzers'): 4, np.str_('Generic'): 5, np.str_('Normal'): 6, np.str_('Reconnaissance'): 7, np.str_('Shellcode'): 8, np.str_('Worms'): 9}
2026-01-18 08:48:18,186 | INFO     | src.data.preprocessing | Fitting preprocessor on training data...
2026-01-18 08:48:18,805 | INFO     | src.data.preprocessing | Transforming validation and test data...
2026-01-18 08:48:18,990 | INFO     | src.data.preprocessing | Extracted 194 feature names
2026-01-18 08:48:18,991 | INFO     | src.data.preprocessing | ----------------------------------------
2026-01-18 08:48:18,991 | INFO     | src.data.preprocessing | Preprocessing complete!
2026-01-18 08:48:18,991 | INFO     | src.data.preprocessing | X_train shape: (140272, 194)
2026-01-18 08:48:18,991 | INFO     | src.data.preprocessing | X_val shape: (35069, 194)
2026-01-18 08:48:18,991 | INFO     | src.data.preprocessing | X_test shape: (82332, 194)
2026-01-18 08:48:18,991 | INFO     | src.data.preprocessing | Total features: 194
2026-01-18 08:48:19,036 | INFO     | src.data.preprocessing | [OK] Data leakage validation passed
2026-01-18 08:48:19,045 | INFO     | src.data.preprocessing | Saved preprocessing metadata to results\processed\preprocessing_metadata.json
2026-01-18 08:48:19,045 | INFO     | __main__ | 
==================================================
2026-01-18 08:48:19,046 | INFO     | __main__ | PHASE 2: RUNNING EXPERIMENTS
2026-01-18 08:48:19,046 | INFO     | __main__ | ==================================================
2026-01-18 08:48:19,046 | INFO     | __main__ | Total experiments to run: 18
2026-01-18 08:48:19,046 | INFO     | __main__ | 
[1/18] Running binary_lr_s0
2026-01-18 08:48:19,046 | INFO     | __main__ | ============================================================
2026-01-18 08:48:19,046 | INFO     | __main__ | EXPERIMENT: binary_lr_s0
2026-01-18 08:48:19,047 | INFO     | __main__ |   Task:     binary
2026-01-18 08:48:19,047 | INFO     | __main__ |   Model:    LR
2026-01-18 08:48:19,047 | INFO     | __main__ |   Strategy: S0
2026-01-18 08:48:19,047 | INFO     | __main__ | ============================================================
2026-01-18 08:48:19,047 | INFO     | src.strategies.imbalance | S0: No balancing applied. Training size: 140,272
2026-01-18 08:48:19,048 | INFO     | src.models.trainer | Training LogisticRegression on 140,272 samples...
2026-01-18 08:51:46,780 | INFO     | src.models.trainer | Training completed in 207.73s
2026-01-18 08:51:46,853 | INFO     | __main__ | 
Results:
2026-01-18 08:51:46,853 | INFO     | __main__ | Accuracy:    0.8070
Macro F1:    0.7926
Weighted F1: 0.7981
G-Mean:      0.7884
ROC-AUC:     0.9541
2026-01-18 08:51:46,854 | INFO     | __main__ | Saved metrics to results\metrics\binary_lr_s0.json
2026-01-18 08:51:47,206 | INFO     | src.evaluation.plots | Saved confusion matrix to results\figures\cm_binary_lr_s0.png
2026-01-18 08:51:47,206 | INFO     | __main__ | Completed binary_lr_s0 in 207.81s
2026-01-18 08:51:47,206 | INFO     | __main__ | ------------------------------------------------------------
2026-01-18 08:51:47,207 | INFO     | __main__ | 
[2/18] Running binary_lr_s1
2026-01-18 08:51:47,207 | INFO     | __main__ | ============================================================
2026-01-18 08:51:47,207 | INFO     | __main__ | EXPERIMENT: binary_lr_s1
2026-01-18 08:51:47,207 | INFO     | __main__ |   Task:     binary
2026-01-18 08:51:47,207 | INFO     | __main__ |   Model:    LR
2026-01-18 08:51:47,207 | INFO     | __main__ |   Strategy: S1
2026-01-18 08:51:47,207 | INFO     | __main__ | ============================================================
2026-01-18 08:51:47,208 | INFO     | src.strategies.imbalance | S1: Class weighting enabled. Training size: 140,272
2026-01-18 08:51:47,208 | INFO     | src.models.trainer | Training LogisticRegression on 140,272 samples...
2026-01-18 08:55:23,688 | INFO     | src.models.trainer | Training completed in 216.48s
2026-01-18 08:55:23,768 | INFO     | __main__ | 
Results:
2026-01-18 08:55:23,768 | INFO     | __main__ | Accuracy:    0.8341
Macro F1:    0.8278
Weighted F1: 0.8311
G-Mean:      0.8231
ROC-AUC:     0.9548
2026-01-18 08:55:23,769 | INFO     | __main__ | Saved metrics to results\metrics\binary_lr_s1.json
2026-01-18 08:55:24,045 | INFO     | src.evaluation.plots | Saved confusion matrix to results\figures\cm_binary_lr_s1.png
2026-01-18 08:55:24,046 | INFO     | __main__ | Completed binary_lr_s1 in 216.56s
2026-01-18 08:55:24,046 | INFO     | __main__ | ------------------------------------------------------------
2026-01-18 08:55:24,046 | INFO     | __main__ | 
[3/18] Running binary_lr_s2a
2026-01-18 08:55:24,046 | INFO     | __main__ | ============================================================
2026-01-18 08:55:24,046 | INFO     | __main__ | EXPERIMENT: binary_lr_s2a
2026-01-18 08:55:24,047 | INFO     | __main__ |   Task:     binary
2026-01-18 08:55:24,047 | INFO     | __main__ |   Model:    LR
2026-01-18 08:55:24,047 | INFO     | __main__ |   Strategy: S2A
2026-01-18 08:55:24,047 | INFO     | __main__ | ============================================================
2026-01-18 08:55:24,187 | INFO     | src.strategies.imbalance | S2a: RandomOverSampler applied
2026-01-18 08:55:24,188 | INFO     | src.strategies.imbalance |      Original size: 140,272 -> New size: 190,944
2026-01-18 08:55:24,188 | INFO     | src.strategies.imbalance |      Expansion ratio: 1.36x
2026-01-18 08:55:24,188 | INFO     | src.models.trainer | Training LogisticRegression on 190,944 samples...
2026-01-18 09:01:00,725 | INFO     | src.models.trainer | Training completed in 336.54s
2026-01-18 09:01:00,797 | INFO     | __main__ | 
Results:
2026-01-18 09:01:00,797 | INFO     | __main__ | Accuracy:    0.8349
Macro F1:    0.8287
Weighted F1: 0.8320
G-Mean:      0.8241
ROC-AUC:     0.9549
2026-01-18 09:01:00,798 | INFO     | __main__ | Saved metrics to results\metrics\binary_lr_s2a.json
2026-01-18 09:01:01,051 | INFO     | src.evaluation.plots | Saved confusion matrix to results\figures\cm_binary_lr_s2a.png
2026-01-18 09:01:01,051 | INFO     | __main__ | Completed binary_lr_s2a in 336.75s
2026-01-18 09:01:01,051 | INFO     | __main__ | ------------------------------------------------------------
2026-01-18 09:01:01,069 | INFO     | __main__ | 
[4/18] Running binary_rf_s0
2026-01-18 09:01:01,069 | INFO     | __main__ | ============================================================
2026-01-18 09:01:01,069 | INFO     | __main__ | EXPERIMENT: binary_rf_s0
2026-01-18 09:01:01,069 | INFO     | __main__ |   Task:     binary
2026-01-18 09:01:01,070 | INFO     | __main__ |   Model:    RF
2026-01-18 09:01:01,070 | INFO     | __main__ |   Strategy: S0
2026-01-18 09:01:01,070 | INFO     | __main__ | ============================================================
2026-01-18 09:01:01,070 | INFO     | src.strategies.imbalance | S0: No balancing applied. Training size: 140,272
2026-01-18 09:01:01,070 | INFO     | src.models.trainer | Training RandomForestClassifier on 140,272 samples...
2026-01-18 09:01:05,757 | INFO     | src.models.trainer | Training completed in 4.69s
2026-01-18 09:01:06,109 | INFO     | __main__ | 
Results:
2026-01-18 09:01:06,110 | INFO     | __main__ | Accuracy:    0.8643
Macro F1:    0.8571
Weighted F1: 0.8603
G-Mean:      0.8503
ROC-AUC:     0.9824
2026-01-18 09:01:06,110 | INFO     | __main__ | Saved metrics to results\metrics\binary_rf_s0.json
2026-01-18 09:01:06,371 | INFO     | src.evaluation.plots | Saved confusion matrix to results\figures\cm_binary_rf_s0.png
2026-01-18 09:01:06,371 | INFO     | __main__ | Completed binary_rf_s0 in 5.04s
2026-01-18 09:01:06,371 | INFO     | __main__ | ------------------------------------------------------------
2026-01-18 09:01:06,374 | INFO     | __main__ | 
[5/18] Running binary_rf_s1
2026-01-18 09:01:06,374 | INFO     | __main__ | ============================================================
2026-01-18 09:01:06,374 | INFO     | __main__ | EXPERIMENT: binary_rf_s1
2026-01-18 09:01:06,375 | INFO     | __main__ |   Task:     binary
2026-01-18 09:01:06,375 | INFO     | __main__ |   Model:    RF
2026-01-18 09:01:06,375 | INFO     | __main__ |   Strategy: S1
2026-01-18 09:01:06,375 | INFO     | __main__ | ============================================================
2026-01-18 09:01:06,375 | INFO     | src.strategies.imbalance | S1: Class weighting enabled. Training size: 140,272
2026-01-18 09:01:06,376 | INFO     | src.models.trainer | Training RandomForestClassifier on 140,272 samples...
2026-01-18 09:01:10,907 | INFO     | src.models.trainer | Training completed in 4.53s
2026-01-18 09:01:11,244 | INFO     | __main__ | 
Results:
2026-01-18 09:01:11,244 | INFO     | __main__ | Accuracy:    0.8972
Macro F1:    0.8939
Weighted F1: 0.8958
G-Mean:      0.8883
ROC-AUC:     0.9840
2026-01-18 09:01:11,245 | INFO     | __main__ | Saved metrics to results\metrics\binary_rf_s1.json
2026-01-18 09:01:11,496 | INFO     | src.evaluation.plots | Saved confusion matrix to results\figures\cm_binary_rf_s1.png
2026-01-18 09:01:11,496 | INFO     | __main__ | Completed binary_rf_s1 in 4.87s
2026-01-18 09:01:11,496 | INFO     | __main__ | ------------------------------------------------------------
2026-01-18 09:01:11,501 | INFO     | __main__ | 
[6/18] Running binary_rf_s2a
2026-01-18 09:01:11,501 | INFO     | __main__ | ============================================================
2026-01-18 09:01:11,501 | INFO     | __main__ | EXPERIMENT: binary_rf_s2a
2026-01-18 09:01:11,501 | INFO     | __main__ |   Task:     binary
2026-01-18 09:01:11,501 | INFO     | __main__ |   Model:    RF
2026-01-18 09:01:11,501 | INFO     | __main__ |   Strategy: S2A
2026-01-18 09:01:11,501 | INFO     | __main__ | ============================================================
2026-01-18 09:01:11,607 | INFO     | src.strategies.imbalance | S2a: RandomOverSampler applied
2026-01-18 09:01:11,607 | INFO     | src.strategies.imbalance |      Original size: 140,272 -> New size: 190,944
2026-01-18 09:01:11,608 | INFO     | src.strategies.imbalance |      Expansion ratio: 1.36x
2026-01-18 09:01:11,608 | INFO     | src.models.trainer | Training RandomForestClassifier on 190,944 samples...
2026-01-18 09:01:17,874 | INFO     | src.models.trainer | Training completed in 6.27s
2026-01-18 09:01:18,203 | INFO     | __main__ | 
Results:
2026-01-18 09:01:18,203 | INFO     | __main__ | Accuracy:    0.8991
Macro F1:    0.8959
Weighted F1: 0.8978
G-Mean:      0.8906
ROC-AUC:     0.9834
2026-01-18 09:01:18,204 | INFO     | __main__ | Saved metrics to results\metrics\binary_rf_s2a.json
2026-01-18 09:01:18,464 | INFO     | src.evaluation.plots | Saved confusion matrix to results\figures\cm_binary_rf_s2a.png
2026-01-18 09:01:18,465 | INFO     | __main__ | Completed binary_rf_s2a in 6.70s
2026-01-18 09:01:18,465 | INFO     | __main__ | ------------------------------------------------------------
2026-01-18 09:01:18,491 | INFO     | __main__ | 
[7/18] Running binary_xgb_s0
2026-01-18 09:01:18,491 | INFO     | __main__ | ============================================================
2026-01-18 09:01:18,491 | INFO     | __main__ | EXPERIMENT: binary_xgb_s0
2026-01-18 09:01:18,491 | INFO     | __main__ |   Task:     binary
2026-01-18 09:01:18,491 | INFO     | __main__ |   Model:    XGB
2026-01-18 09:01:18,492 | INFO     | __main__ |   Strategy: S0
2026-01-18 09:01:18,492 | INFO     | __main__ | ============================================================
2026-01-18 09:01:18,492 | INFO     | src.strategies.imbalance | S0: No balancing applied. Training size: 140,272
2026-01-18 09:01:18,492 | INFO     | src.models.trainer | Training XGBClassifier on 140,272 samples...
2026-01-18 09:01:20,241 | INFO     | src.models.trainer | Training completed in 1.75s
2026-01-18 09:01:20,372 | INFO     | __main__ | 
Results:
2026-01-18 09:01:20,372 | INFO     | __main__ | Accuracy:    0.8743
Macro F1:    0.8684
Weighted F1: 0.8712
G-Mean:      0.8618
ROC-AUC:     0.9851
2026-01-18 09:01:20,374 | INFO     | __main__ | Saved metrics to results\metrics\binary_xgb_s0.json
2026-01-18 09:01:20,643 | INFO     | src.evaluation.plots | Saved confusion matrix to results\figures\cm_binary_xgb_s0.png
2026-01-18 09:01:20,643 | INFO     | __main__ | Completed binary_xgb_s0 in 1.88s
2026-01-18 09:01:20,643 | INFO     | __main__ | ------------------------------------------------------------
2026-01-18 09:01:20,644 | INFO     | __main__ | 
[8/18] Running binary_xgb_s1
2026-01-18 09:01:20,644 | INFO     | __main__ | ============================================================
2026-01-18 09:01:20,644 | INFO     | __main__ | EXPERIMENT: binary_xgb_s1
2026-01-18 09:01:20,644 | INFO     | __main__ |   Task:     binary
2026-01-18 09:01:20,645 | INFO     | __main__ |   Model:    XGB
2026-01-18 09:01:20,645 | INFO     | __main__ |   Strategy: S1
2026-01-18 09:01:20,645 | INFO     | __main__ | ============================================================
2026-01-18 09:01:20,645 | INFO     | src.strategies.imbalance | S1: Class weighting enabled. Training size: 140,272
2026-01-18 09:01:20,645 | INFO     | src.strategies.imbalance | S1: XGBoost scale_pos_weight = 0.47
2026-01-18 09:01:20,646 | INFO     | src.models.trainer | Training XGBClassifier on 140,272 samples...
2026-01-18 09:01:22,270 | INFO     | src.models.trainer | Training completed in 1.62s
2026-01-18 09:01:22,403 | INFO     | __main__ | 
Results:
2026-01-18 09:01:22,404 | INFO     | __main__ | Accuracy:    0.9081
Macro F1:    0.9058
Weighted F1: 0.9073
G-Mean:      0.9014
ROC-AUC:     0.9853
2026-01-18 09:01:22,405 | INFO     | __main__ | Saved metrics to results\metrics\binary_xgb_s1.json
2026-01-18 09:01:22,675 | INFO     | src.evaluation.plots | Saved confusion matrix to results\figures\cm_binary_xgb_s1.png
2026-01-18 09:01:22,675 | INFO     | __main__ | Completed binary_xgb_s1 in 1.76s
2026-01-18 09:01:22,675 | INFO     | __main__ | ------------------------------------------------------------
2026-01-18 09:01:22,677 | INFO     | __main__ | 
[9/18] Running binary_xgb_s2a
2026-01-18 09:01:22,677 | INFO     | __main__ | ============================================================
2026-01-18 09:01:22,677 | INFO     | __main__ | EXPERIMENT: binary_xgb_s2a
2026-01-18 09:01:22,677 | INFO     | __main__ |   Task:     binary
2026-01-18 09:01:22,677 | INFO     | __main__ |   Model:    XGB
2026-01-18 09:01:22,677 | INFO     | __main__ |   Strategy: S2A
2026-01-18 09:01:22,677 | INFO     | __main__ | ============================================================
2026-01-18 09:01:22,769 | INFO     | src.strategies.imbalance | S2a: RandomOverSampler applied
2026-01-18 09:01:22,770 | INFO     | src.strategies.imbalance |      Original size: 140,272 -> New size: 190,944
2026-01-18 09:01:22,770 | INFO     | src.strategies.imbalance |      Expansion ratio: 1.36x
2026-01-18 09:01:22,771 | INFO     | src.models.trainer | Training XGBClassifier on 190,944 samples...
2026-01-18 09:01:24,834 | INFO     | src.models.trainer | Training completed in 2.06s
2026-01-18 09:01:25,015 | INFO     | __main__ | 
Results:
2026-01-18 09:01:25,016 | INFO     | __main__ | Accuracy:    0.9056
Macro F1:    0.9030
Weighted F1: 0.9046
G-Mean:      0.8983
ROC-AUC:     0.9852
2026-01-18 09:01:25,019 | INFO     | __main__ | Saved metrics to results\metrics\binary_xgb_s2a.json
2026-01-18 09:01:25,292 | INFO     | src.evaluation.plots | Saved confusion matrix to results\figures\cm_binary_xgb_s2a.png
2026-01-18 09:01:25,293 | INFO     | __main__ | Completed binary_xgb_s2a in 2.34s
2026-01-18 09:01:25,293 | INFO     | __main__ | ------------------------------------------------------------
2026-01-18 09:01:25,304 | INFO     | __main__ | 
[10/18] Running multi_lr_s0
2026-01-18 09:01:25,305 | INFO     | __main__ | ============================================================
2026-01-18 09:01:25,305 | INFO     | __main__ | EXPERIMENT: multi_lr_s0
2026-01-18 09:01:25,305 | INFO     | __main__ |   Task:     multi
2026-01-18 09:01:25,305 | INFO     | __main__ |   Model:    LR
2026-01-18 09:01:25,305 | INFO     | __main__ |   Strategy: S0
2026-01-18 09:01:25,305 | INFO     | __main__ | ============================================================
2026-01-18 09:01:25,305 | INFO     | src.strategies.imbalance | S0: No balancing applied. Training size: 140,272
2026-01-18 09:01:25,306 | INFO     | src.models.trainer | Training LogisticRegression on 140,272 samples...
2026-01-18 09:15:06,959 | INFO     | src.models.trainer | Training completed in 821.65s
2026-01-18 09:15:07,186 | INFO     | __main__ | 
Results:
2026-01-18 09:15:07,186 | INFO     | __main__ | Accuracy:    0.6940
Macro F1:    0.3338
Weighted F1: 0.7038
G-Mean:      0.6050
ROC-AUC:     0.9441
2026-01-18 09:15:07,187 | INFO     | __main__ | Saved metrics to results\metrics\multi_lr_s0.json
2026-01-18 09:15:07,731 | INFO     | src.evaluation.plots | Saved confusion matrix to results\figures\cm_multi_lr_s0.png
2026-01-18 09:15:07,731 | INFO     | __main__ | Completed multi_lr_s0 in 821.88s
2026-01-18 09:15:07,731 | INFO     | __main__ | ------------------------------------------------------------
2026-01-18 09:15:07,732 | INFO     | __main__ | 
[11/18] Running multi_lr_s1
2026-01-18 09:15:07,732 | INFO     | __main__ | ============================================================
2026-01-18 09:15:07,732 | INFO     | __main__ | EXPERIMENT: multi_lr_s1
2026-01-18 09:15:07,732 | INFO     | __main__ |   Task:     multi
2026-01-18 09:15:07,732 | INFO     | __main__ |   Model:    LR
2026-01-18 09:15:07,732 | INFO     | __main__ |   Strategy: S1
2026-01-18 09:15:07,733 | INFO     | __main__ | ============================================================
2026-01-18 09:15:07,733 | INFO     | src.strategies.imbalance | S1: Class weighting enabled. Training size: 140,272
2026-01-18 09:15:07,733 | INFO     | src.models.trainer | Training LogisticRegression on 140,272 samples...
2026-01-18 09:29:37,393 | INFO     | src.models.trainer | Training completed in 869.66s
2026-01-18 09:29:37,605 | INFO     | __main__ | 
Results:
2026-01-18 09:29:37,605 | INFO     | __main__ | Accuracy:    0.6138
Macro F1:    0.3397
Weighted F1: 0.6772
G-Mean:      0.7180
ROC-AUC:     0.9402
2026-01-18 09:29:37,607 | INFO     | __main__ | Saved metrics to results\metrics\multi_lr_s1.json
2026-01-18 09:29:38,142 | INFO     | src.evaluation.plots | Saved confusion matrix to results\figures\cm_multi_lr_s1.png
2026-01-18 09:29:38,142 | INFO     | __main__ | Completed multi_lr_s1 in 869.87s
2026-01-18 09:29:38,142 | INFO     | __main__ | ------------------------------------------------------------
2026-01-18 09:29:38,143 | INFO     | __main__ | 
[12/18] Running multi_lr_s2a
2026-01-18 09:29:38,143 | INFO     | __main__ | ============================================================
2026-01-18 09:29:38,143 | INFO     | __main__ | EXPERIMENT: multi_lr_s2a
2026-01-18 09:29:38,143 | INFO     | __main__ |   Task:     multi
2026-01-18 09:29:38,143 | INFO     | __main__ |   Model:    LR
2026-01-18 09:29:38,143 | INFO     | __main__ |   Strategy: S2A
2026-01-18 09:29:38,143 | INFO     | __main__ | ============================================================
2026-01-18 09:29:38,533 | INFO     | src.strategies.imbalance | S2a: RandomOverSampler applied
2026-01-18 09:29:38,533 | INFO     | src.strategies.imbalance |      Original size: 140,272 -> New size: 448,000
2026-01-18 09:29:38,533 | INFO     | src.strategies.imbalance |      Expansion ratio: 3.19x
2026-01-18 09:29:38,534 | INFO     | src.models.trainer | Training LogisticRegression on 448,000 samples...
