2026-01-18 08:54:37,419 | INFO     | __main__ | Preparing data for task: binary
2026-01-18 08:54:37,419 | INFO     | src.data.loader | Dataset files validated successfully
2026-01-18 08:54:37,419 | INFO     | src.data.loader | Loading training data from dataset\UNSW_NB15_training-set.csv
2026-01-18 08:54:37,819 | INFO     | src.data.loader | Loaded 175,341 training samples with 45 columns
2026-01-18 08:54:37,819 | INFO     | src.data.loader | Loading test data from dataset\UNSW_NB15_testing-set.csv
2026-01-18 08:54:38,007 | INFO     | src.data.loader | Loaded 82,332 test samples with 45 columns
2026-01-18 08:54:38,007 | INFO     | src.data.preprocessing | ============================================================
2026-01-18 08:54:38,007 | INFO     | src.data.preprocessing | Starting preprocessing pipeline
2026-01-18 08:54:38,007 | INFO     | src.data.preprocessing | ============================================================
2026-01-18 08:54:38,007 | INFO     | src.data.preprocessing | Identified 39 numerical features
2026-01-18 08:54:38,007 | INFO     | src.data.preprocessing | Identified 3 categorical features
2026-01-18 08:54:38,008 | INFO     | src.data.preprocessing | Creating 80%/20% train/val split
2026-01-18 08:54:38,229 | INFO     | src.data.preprocessing | Training samples: 140,272
2026-01-18 08:54:38,229 | INFO     | src.data.preprocessing | Validation samples: 35,069
2026-01-18 08:54:38,229 | INFO     | src.data.preprocessing | Test samples: 82,332
2026-01-18 08:54:38,254 | INFO     | src.data.preprocessing | Label mapping: {np.str_('Analysis'): 0, np.str_('Backdoor'): 1, np.str_('DoS'): 2, np.str_('Exploits'): 3, np.str_('Fuzzers'): 4, np.str_('Generic'): 5, np.str_('Normal'): 6, np.str_('Reconnaissance'): 7, np.str_('Shellcode'): 8, np.str_('Worms'): 9}
2026-01-18 08:54:38,294 | INFO     | src.data.preprocessing | Fitting preprocessor on training data...
2026-01-18 08:54:39,002 | INFO     | src.data.preprocessing | Transforming validation and test data...
2026-01-18 08:54:39,202 | INFO     | src.data.preprocessing | Extracted 194 feature names
2026-01-18 08:54:39,203 | INFO     | src.data.preprocessing | ----------------------------------------
2026-01-18 08:54:39,203 | INFO     | src.data.preprocessing | Preprocessing complete!
2026-01-18 08:54:39,203 | INFO     | src.data.preprocessing | X_train shape: (140272, 194)
2026-01-18 08:54:39,203 | INFO     | src.data.preprocessing | X_val shape: (35069, 194)
2026-01-18 08:54:39,203 | INFO     | src.data.preprocessing | X_test shape: (82332, 194)
2026-01-18 08:54:39,203 | INFO     | src.data.preprocessing | Total features: 194
2026-01-18 08:54:39,244 | INFO     | src.data.preprocessing | [OK] Data leakage validation passed
2026-01-18 08:54:39,250 | INFO     | __main__ | Starting Single Experiment: Task=binary, Model=lr, Strategy=s0
2026-01-18 08:54:39,251 | INFO     | main | ============================================================
2026-01-18 08:54:39,251 | INFO     | main | EXPERIMENT: binary_lr_s0_single
2026-01-18 08:54:39,251 | INFO     | main |   Task:     binary
2026-01-18 08:54:39,251 | INFO     | main |   Model:    LR
2026-01-18 08:54:39,251 | INFO     | main |   Strategy: S0
2026-01-18 08:54:39,251 | INFO     | main | ============================================================
2026-01-18 08:54:39,251 | INFO     | src.strategies.imbalance | S0: No balancing applied. Training size: 140,272
2026-01-18 08:54:39,252 | INFO     | src.models.trainer | Training LogisticRegression on 140,272 samples...
2026-01-18 08:58:18,911 | INFO     | src.models.trainer | Training completed in 219.66s
2026-01-18 08:58:18,988 | INFO     | main | 
Results:
2026-01-18 08:58:18,988 | INFO     | main | Accuracy:    0.8070
Macro F1:    0.7926
Weighted F1: 0.7981
G-Mean:      0.7884
ROC-AUC:     0.9541
2026-01-18 08:58:18,989 | INFO     | main | Saved metrics to results\metrics\binary_lr_s0_single.json
2026-01-18 08:58:19,283 | INFO     | src.evaluation.plots | Saved confusion matrix to results\figures\cm_binary_lr_s0_single.png
2026-01-18 08:58:19,284 | INFO     | main | Completed binary_lr_s0_single in 219.74s
2026-01-18 08:58:19,284 | INFO     | main | ------------------------------------------------------------
2026-01-18 08:58:19,284 | INFO     | __main__ | Experiment Completed Successfully.
