2026-01-22 18:48:21,041 | INFO     | __main__ | Preparing data for task: binary
2026-01-22 18:48:21,041 | INFO     | src.data.loader | Dataset files validated successfully
2026-01-22 18:48:21,041 | INFO     | src.data.loader | Loading training data from dataset\UNSW_NB15_training-set.csv
2026-01-22 18:48:21,427 | INFO     | src.data.loader | Loaded 175,341 training samples with 45 columns
2026-01-22 18:48:21,428 | INFO     | src.data.loader | Training Set schema validated successfully (all required columns present).
2026-01-22 18:48:21,428 | INFO     | src.data.loader | Loading test data from dataset\UNSW_NB15_testing-set.csv
2026-01-22 18:48:21,616 | INFO     | src.data.loader | Loaded 82,332 test samples with 45 columns
2026-01-22 18:48:21,617 | INFO     | src.data.loader | Test Set schema validated successfully (all required columns present).
2026-01-22 18:48:21,617 | INFO     | src.data.preprocessing | ============================================================
2026-01-22 18:48:21,617 | INFO     | src.data.preprocessing | Starting preprocessing pipeline
2026-01-22 18:48:21,617 | INFO     | src.data.preprocessing | ============================================================
2026-01-22 18:48:21,618 | INFO     | src.data.preprocessing | Identified 39 numerical features
2026-01-22 18:48:21,618 | INFO     | src.data.preprocessing | Identified 3 categorical features
2026-01-22 18:48:21,618 | INFO     | src.data.preprocessing | Creating 80%/20% train/val split
2026-01-22 18:48:21,781 | INFO     | src.data.preprocessing | Training samples: 140,272
2026-01-22 18:48:21,781 | INFO     | src.data.preprocessing | Validation samples: 35,069
2026-01-22 18:48:21,781 | INFO     | src.data.preprocessing | Test samples: 82,332
2026-01-22 18:48:21,809 | INFO     | src.data.preprocessing | Label mapping: {np.str_('Analysis'): 0, np.str_('Backdoor'): 1, np.str_('DoS'): 2, np.str_('Exploits'): 3, np.str_('Fuzzers'): 4, np.str_('Generic'): 5, np.str_('Normal'): 6, np.str_('Reconnaissance'): 7, np.str_('Shellcode'): 8, np.str_('Worms'): 9}
2026-01-22 18:48:21,856 | INFO     | src.data.preprocessing | Fitting preprocessor on training data...
2026-01-22 18:48:22,559 | INFO     | src.data.preprocessing | Transforming validation and test data...
2026-01-22 18:48:22,779 | INFO     | src.data.preprocessing | Extracted 194 feature names
2026-01-22 18:48:22,779 | INFO     | src.data.preprocessing | ----------------------------------------
2026-01-22 18:48:22,779 | INFO     | src.data.preprocessing | Preprocessing complete!
2026-01-22 18:48:22,780 | INFO     | src.data.preprocessing | X_train shape: (140272, 194)
2026-01-22 18:48:22,780 | INFO     | src.data.preprocessing | X_val shape: (35069, 194)
2026-01-22 18:48:22,780 | INFO     | src.data.preprocessing | X_test shape: (82332, 194)
2026-01-22 18:48:22,780 | INFO     | src.data.preprocessing | Total features: 194
2026-01-22 18:48:22,828 | INFO     | src.data.preprocessing | [OK] Data leakage validation passed
2026-01-22 18:48:22,835 | INFO     | __main__ | Starting Single Experiment: Task=binary, Model=xgb, Strategy=s0
2026-01-22 18:48:22,836 | INFO     | main | ============================================================
2026-01-22 18:48:22,836 | INFO     | main | EXPERIMENT: binary_xgb_s0_single (Seed: 42)
2026-01-22 18:48:22,836 | INFO     | main |   Task:     binary
2026-01-22 18:48:22,836 | INFO     | main |   Model:    XGB
2026-01-22 18:48:22,836 | INFO     | main |   Strategy: S0
2026-01-22 18:48:22,837 | INFO     | main | ============================================================
2026-01-22 18:48:22,837 | INFO     | src.strategies.imbalance | S0: No balancing applied. Training size: 140,272
2026-01-22 18:48:22,837 | INFO     | src.models.trainer | Training XGBClassifier on 140,272 samples...
2026-01-22 18:48:25,840 | INFO     | src.models.trainer | Training completed in 3.00s
2026-01-22 18:48:26,041 | INFO     | main | 
Results (binary_xgb_s0_single):
2026-01-22 18:48:26,042 | INFO     | main | Accuracy:    0.8743
Macro F1:    0.8684
Weighted F1: 0.8712
G-Mean:      0.8618
ROC-AUC:     0.9851
2026-01-22 18:48:26,388 | INFO     | src.evaluation.plots | Saved confusion matrix to results\figures\cm_binary_xgb_s0_single.png
2026-01-22 18:48:26,388 | INFO     | main | Completed binary_xgb_s0_single in 3.21s
2026-01-22 18:48:26,389 | INFO     | __main__ | Experiment Completed Successfully.
