2026-01-23 07:26:16,240 | INFO     | __main__ | ======================================================================
2026-01-23 07:26:16,240 | INFO     | __main__ | UNSW-NB15 CLASS IMBALANCE STUDY (OPTIMIZED)
2026-01-23 07:26:16,240 | INFO     | __main__ | ======================================================================
2026-01-23 07:26:16,240 | INFO     | __main__ | Started at: 2026-01-23T07:26:16.240833
2026-01-23 07:26:16,241 | INFO     | __main__ | 
==================================================
2026-01-23 07:26:16,241 | INFO     | __main__ | PHASE 1: DATA PREPROCESSING
2026-01-23 07:26:16,241 | INFO     | __main__ | ==================================================
2026-01-23 07:26:16,241 | INFO     | src.data.loader | Dataset files validated successfully
2026-01-23 07:26:16,241 | INFO     | src.data.loader | Loading training data from dataset/UNSW_NB15_training-set.csv
2026-01-23 07:26:16,819 | INFO     | src.data.loader | Loaded 175,341 training samples with 45 columns
2026-01-23 07:26:16,820 | INFO     | src.data.loader | Training Set schema validated successfully (all required columns present).
2026-01-23 07:26:16,820 | INFO     | src.data.loader | Loading test data from dataset/UNSW_NB15_testing-set.csv
2026-01-23 07:26:17,058 | INFO     | src.data.loader | Loaded 82,332 test samples with 45 columns
2026-01-23 07:26:17,058 | INFO     | src.data.loader | Test Set schema validated successfully (all required columns present).
2026-01-23 07:26:17,059 | INFO     | src.data.preprocessing | ============================================================
2026-01-23 07:26:17,059 | INFO     | src.data.preprocessing | Starting preprocessing pipeline
2026-01-23 07:26:17,059 | INFO     | src.data.preprocessing | ============================================================
2026-01-23 07:26:17,059 | INFO     | src.data.preprocessing | Identified 39 numerical features
2026-01-23 07:26:17,059 | INFO     | src.data.preprocessing | Identified 3 categorical features
2026-01-23 07:26:17,059 | INFO     | src.data.preprocessing | Creating 80%/20% train/val split
2026-01-23 07:26:17,262 | INFO     | src.data.preprocessing | Training samples: 140,272
2026-01-23 07:26:17,262 | INFO     | src.data.preprocessing | Validation samples: 35,069
2026-01-23 07:26:17,263 | INFO     | src.data.preprocessing | Test samples: 82,332
2026-01-23 07:26:17,304 | INFO     | src.data.preprocessing | Label mapping: {'Analysis': 0, 'Backdoor': 1, 'DoS': 2, 'Exploits': 3, 'Fuzzers': 4, 'Generic': 5, 'Normal': 6, 'Reconnaissance': 7, 'Shellcode': 8, 'Worms': 9}
2026-01-23 07:26:17,355 | INFO     | src.data.preprocessing | Fitting preprocessor on training data...
2026-01-23 07:26:18,486 | INFO     | src.data.preprocessing | Transforming validation and test data...
2026-01-23 07:26:18,864 | INFO     | src.data.preprocessing | Extracted 194 feature names
2026-01-23 07:26:18,864 | INFO     | src.data.preprocessing | ----------------------------------------
2026-01-23 07:26:18,864 | INFO     | src.data.preprocessing | Preprocessing complete!
2026-01-23 07:26:18,864 | INFO     | src.data.preprocessing | X_train shape: (140272, 194)
2026-01-23 07:26:18,864 | INFO     | src.data.preprocessing | X_val shape: (35069, 194)
2026-01-23 07:26:18,865 | INFO     | src.data.preprocessing | X_test shape: (82332, 194)
2026-01-23 07:26:18,865 | INFO     | src.data.preprocessing | Total features: 194
2026-01-23 07:26:18,901 | INFO     | src.data.preprocessing | [OK] Data leakage validation passed
2026-01-23 07:26:18,907 | INFO     | src.data.preprocessing | Saved preprocessing metadata to results/processed/preprocessing_metadata.json
2026-01-23 07:26:18,907 | INFO     | __main__ | 
==================================================
2026-01-23 07:26:18,907 | INFO     | __main__ | PHASE 2: RUNNING EXPERIMENTS
2026-01-23 07:26:18,907 | INFO     | __main__ | ==================================================
2026-01-23 07:26:18,907 | INFO     | __main__ | Skipping binary_lr_s0_s42 (found existing metrics)
2026-01-23 07:26:18,908 | INFO     | __main__ | Skipping binary_lr_s2a_s44 (found existing metrics)
2026-01-23 07:26:18,908 | INFO     | __main__ | Skipping binary_lr_s2a_s45 (found existing metrics)
2026-01-23 07:26:18,908 | INFO     | __main__ | Skipping binary_lr_s2a_s46 (found existing metrics)
2026-01-23 07:26:18,910 | INFO     | __main__ | Queued 86 experiments. (Skipped 4)
2026-01-23 07:26:18,910 | INFO     | __main__ | Starting parallel execution with n_jobs=1...
2026-01-23 07:26:18,910 | INFO     | __main__ | ============================================================
2026-01-23 07:26:18,910 | INFO     | __main__ | EXPERIMENT: binary_lr_s0_s43 (Seed: 43)
2026-01-23 07:26:18,910 | INFO     | __main__ |   Task:     binary
2026-01-23 07:26:18,910 | INFO     | __main__ |   Model:    LR
2026-01-23 07:26:18,910 | INFO     | __main__ |   Strategy: S0
2026-01-23 07:26:18,910 | INFO     | __main__ | ============================================================
2026-01-23 07:26:18,910 | INFO     | src.strategies.imbalance | S0: No balancing applied. Training size: 140,272
2026-01-23 07:26:18,911 | INFO     | src.models.trainer | Training LogisticRegression on 140,272 samples...
2026-01-23 07:26:18,911 | INFO     | src.models.trainer | Starting iterative training (max_iter) -> 1000
2026-01-23 07:27:06,179 | INFO     | src.models.trainer | Training completed in 47.27s
2026-01-23 07:27:06,379 | INFO     | __main__ | 
Results (binary_lr_s0_s43):
2026-01-23 07:27:06,379 | INFO     | __main__ | Accuracy:    0.8089
Macro F1:    0.7948
Weighted F1: 0.8002
G-Mean:      0.7905
ROC-AUC:     0.9559
2026-01-23 07:27:06,385 | INFO     | __main__ | Saved learning curve CSV: binary_lr_s0_s43.csv
2026-01-23 07:27:06,811 | INFO     | src.evaluation.plots | Saved learning curve plot to results/figures/binary_lr_s0_s43/learning_curve.png
2026-01-23 07:27:07,328 | INFO     | src.evaluation.plots | Saved confusion matrix to results/figures/binary_lr_s0_s43/confusion_matrix.png
2026-01-23 07:27:08,191 | INFO     | src.evaluation.plots | Saved ROC curve to results/figures/binary_lr_s0_s43/roc_curve.png
2026-01-23 07:27:09,053 | INFO     | src.evaluation.plots | Saved PR curve to results/figures/binary_lr_s0_s43/pr_curve.png
2026-01-23 07:27:09,053 | INFO     | __main__ | Completed binary_lr_s0_s43 in 47.47s
2026-01-23 07:27:09,053 | INFO     | __main__ | ============================================================
2026-01-23 07:27:09,053 | INFO     | __main__ | EXPERIMENT: binary_lr_s0_s44 (Seed: 44)
2026-01-23 07:27:09,053 | INFO     | __main__ |   Task:     binary
2026-01-23 07:27:09,053 | INFO     | __main__ |   Model:    LR
2026-01-23 07:27:09,053 | INFO     | __main__ |   Strategy: S0
2026-01-23 07:27:09,053 | INFO     | __main__ | ============================================================
2026-01-23 07:27:09,053 | INFO     | src.strategies.imbalance | S0: No balancing applied. Training size: 140,272
2026-01-23 07:27:09,054 | INFO     | src.models.trainer | Training LogisticRegression on 140,272 samples...
2026-01-23 07:27:09,054 | INFO     | src.models.trainer | Starting iterative training (max_iter) -> 1000
2026-01-23 07:28:00,539 | INFO     | src.models.trainer | Training completed in 51.48s
2026-01-23 07:28:00,707 | INFO     | __main__ | 
Results (binary_lr_s0_s44):
2026-01-23 07:28:00,707 | INFO     | __main__ | Accuracy:    0.8089
Macro F1:    0.7948
Weighted F1: 0.8002
G-Mean:      0.7905
ROC-AUC:     0.9559
2026-01-23 07:28:00,711 | INFO     | __main__ | Saved learning curve CSV: binary_lr_s0_s44.csv
2026-01-23 07:28:01,158 | INFO     | src.evaluation.plots | Saved learning curve plot to results/figures/binary_lr_s0_s44/learning_curve.png
2026-01-23 07:28:01,662 | INFO     | src.evaluation.plots | Saved confusion matrix to results/figures/binary_lr_s0_s44/confusion_matrix.png
2026-01-23 07:28:02,237 | INFO     | src.evaluation.plots | Saved ROC curve to results/figures/binary_lr_s0_s44/roc_curve.png
2026-01-23 07:28:02,758 | INFO     | src.evaluation.plots | Saved PR curve to results/figures/binary_lr_s0_s44/pr_curve.png
2026-01-23 07:28:02,758 | INFO     | __main__ | Completed binary_lr_s0_s44 in 51.65s
2026-01-23 07:28:02,758 | INFO     | __main__ | ============================================================
2026-01-23 07:28:02,758 | INFO     | __main__ | EXPERIMENT: binary_lr_s0_s45 (Seed: 45)
2026-01-23 07:28:02,758 | INFO     | __main__ |   Task:     binary
2026-01-23 07:28:02,758 | INFO     | __main__ |   Model:    LR
2026-01-23 07:28:02,758 | INFO     | __main__ |   Strategy: S0
2026-01-23 07:28:02,758 | INFO     | __main__ | ============================================================
2026-01-23 07:28:02,758 | INFO     | src.strategies.imbalance | S0: No balancing applied. Training size: 140,272
2026-01-23 07:28:02,759 | INFO     | src.models.trainer | Training LogisticRegression on 140,272 samples...
2026-01-23 07:28:02,759 | INFO     | src.models.trainer | Starting iterative training (max_iter) -> 1000
2026-01-23 07:28:52,386 | INFO     | src.models.trainer | Training completed in 49.63s
2026-01-23 07:28:52,555 | INFO     | __main__ | 
Results (binary_lr_s0_s45):
2026-01-23 07:28:52,555 | INFO     | __main__ | Accuracy:    0.8089
Macro F1:    0.7948
Weighted F1: 0.8002
G-Mean:      0.7905
ROC-AUC:     0.9559
2026-01-23 07:28:52,575 | INFO     | __main__ | Saved learning curve CSV: binary_lr_s0_s45.csv
2026-01-23 07:28:52,987 | INFO     | src.evaluation.plots | Saved learning curve plot to results/figures/binary_lr_s0_s45/learning_curve.png
2026-01-23 07:28:53,490 | INFO     | src.evaluation.plots | Saved confusion matrix to results/figures/binary_lr_s0_s45/confusion_matrix.png
2026-01-23 07:28:54,064 | INFO     | src.evaluation.plots | Saved ROC curve to results/figures/binary_lr_s0_s45/roc_curve.png
2026-01-23 07:28:54,583 | INFO     | src.evaluation.plots | Saved PR curve to results/figures/binary_lr_s0_s45/pr_curve.png
2026-01-23 07:28:54,584 | INFO     | __main__ | Completed binary_lr_s0_s45 in 49.80s
2026-01-23 07:28:54,584 | INFO     | __main__ | ============================================================
2026-01-23 07:28:54,584 | INFO     | __main__ | EXPERIMENT: binary_lr_s0_s46 (Seed: 46)
2026-01-23 07:28:54,584 | INFO     | __main__ |   Task:     binary
2026-01-23 07:28:54,584 | INFO     | __main__ |   Model:    LR
2026-01-23 07:28:54,584 | INFO     | __main__ |   Strategy: S0
2026-01-23 07:28:54,584 | INFO     | __main__ | ============================================================
2026-01-23 07:28:54,584 | INFO     | src.strategies.imbalance | S0: No balancing applied. Training size: 140,272
2026-01-23 07:28:54,585 | INFO     | src.models.trainer | Training LogisticRegression on 140,272 samples...
2026-01-23 07:28:54,585 | INFO     | src.models.trainer | Starting iterative training (max_iter) -> 1000
2026-01-23 07:29:41,889 | INFO     | src.models.trainer | Training completed in 47.30s
2026-01-23 07:29:42,049 | INFO     | __main__ | 
Results (binary_lr_s0_s46):
2026-01-23 07:29:42,050 | INFO     | __main__ | Accuracy:    0.8089
Macro F1:    0.7948
Weighted F1: 0.8002
G-Mean:      0.7905
ROC-AUC:     0.9559
2026-01-23 07:29:42,054 | INFO     | __main__ | Saved learning curve CSV: binary_lr_s0_s46.csv
2026-01-23 07:29:42,484 | INFO     | src.evaluation.plots | Saved learning curve plot to results/figures/binary_lr_s0_s46/learning_curve.png
2026-01-23 07:29:42,996 | INFO     | src.evaluation.plots | Saved confusion matrix to results/figures/binary_lr_s0_s46/confusion_matrix.png
2026-01-23 07:29:43,571 | INFO     | src.evaluation.plots | Saved ROC curve to results/figures/binary_lr_s0_s46/roc_curve.png
2026-01-23 07:29:44,095 | INFO     | src.evaluation.plots | Saved PR curve to results/figures/binary_lr_s0_s46/pr_curve.png
2026-01-23 07:29:44,095 | INFO     | __main__ | Completed binary_lr_s0_s46 in 47.47s
2026-01-23 07:29:44,096 | INFO     | __main__ | ============================================================
2026-01-23 07:29:44,096 | INFO     | __main__ | EXPERIMENT: binary_lr_s1_s42 (Seed: 42)
2026-01-23 07:29:44,096 | INFO     | __main__ |   Task:     binary
2026-01-23 07:29:44,096 | INFO     | __main__ |   Model:    LR
2026-01-23 07:29:44,096 | INFO     | __main__ |   Strategy: S1
2026-01-23 07:29:44,096 | INFO     | __main__ | ============================================================
2026-01-23 07:29:44,096 | INFO     | src.strategies.imbalance | S1: Class weighting enabled. Training size: 140,272
2026-01-23 07:29:44,097 | INFO     | src.models.trainer | Training LogisticRegression on 140,272 samples...
2026-01-23 07:29:44,097 | INFO     | src.models.trainer | Starting iterative training (max_iter) -> 1000
2026-01-23 07:30:31,656 | INFO     | src.models.trainer | Training completed in 47.56s
2026-01-23 07:30:31,826 | INFO     | __main__ | 
Results (binary_lr_s1_s42):
2026-01-23 07:30:31,827 | INFO     | __main__ | Accuracy:    0.8360
Macro F1:    0.8299
Weighted F1: 0.8332
G-Mean:      0.8252
ROC-AUC:     0.9561
2026-01-23 07:30:31,831 | INFO     | __main__ | Saved learning curve CSV: binary_lr_s1_s42.csv
2026-01-23 07:30:32,266 | INFO     | src.evaluation.plots | Saved learning curve plot to results/figures/binary_lr_s1_s42/learning_curve.png
2026-01-23 07:30:32,800 | INFO     | src.evaluation.plots | Saved confusion matrix to results/figures/binary_lr_s1_s42/confusion_matrix.png
2026-01-23 07:30:33,372 | INFO     | src.evaluation.plots | Saved ROC curve to results/figures/binary_lr_s1_s42/roc_curve.png
2026-01-23 07:30:33,906 | INFO     | src.evaluation.plots | Saved PR curve to results/figures/binary_lr_s1_s42/pr_curve.png
2026-01-23 07:30:33,907 | INFO     | __main__ | Completed binary_lr_s1_s42 in 47.73s
2026-01-23 07:30:33,907 | INFO     | __main__ | ============================================================
2026-01-23 07:30:33,908 | INFO     | __main__ | EXPERIMENT: binary_lr_s1_s43 (Seed: 43)
2026-01-23 07:30:33,908 | INFO     | __main__ |   Task:     binary
2026-01-23 07:30:33,908 | INFO     | __main__ |   Model:    LR
2026-01-23 07:30:33,908 | INFO     | __main__ |   Strategy: S1
2026-01-23 07:30:33,909 | INFO     | __main__ | ============================================================
2026-01-23 07:30:33,909 | INFO     | src.strategies.imbalance | S1: Class weighting enabled. Training size: 140,272
2026-01-23 07:30:33,910 | INFO     | src.models.trainer | Training LogisticRegression on 140,272 samples...
2026-01-23 07:30:33,910 | INFO     | src.models.trainer | Starting iterative training (max_iter) -> 1000
2026-01-23 07:31:19,414 | INFO     | src.models.trainer | Training completed in 45.50s
2026-01-23 07:31:19,616 | INFO     | __main__ | 
Results (binary_lr_s1_s43):
2026-01-23 07:31:19,616 | INFO     | __main__ | Accuracy:    0.8360
Macro F1:    0.8299
Weighted F1: 0.8332
G-Mean:      0.8252
ROC-AUC:     0.9561
2026-01-23 07:31:19,621 | INFO     | __main__ | Saved learning curve CSV: binary_lr_s1_s43.csv
2026-01-23 07:31:20,064 | INFO     | src.evaluation.plots | Saved learning curve plot to results/figures/binary_lr_s1_s43/learning_curve.png
2026-01-23 07:31:20,603 | INFO     | src.evaluation.plots | Saved confusion matrix to results/figures/binary_lr_s1_s43/confusion_matrix.png
2026-01-23 07:31:21,191 | INFO     | src.evaluation.plots | Saved ROC curve to results/figures/binary_lr_s1_s43/roc_curve.png
2026-01-23 07:31:21,728 | INFO     | src.evaluation.plots | Saved PR curve to results/figures/binary_lr_s1_s43/pr_curve.png
2026-01-23 07:31:21,729 | INFO     | __main__ | Completed binary_lr_s1_s43 in 45.71s
2026-01-23 07:31:21,729 | INFO     | __main__ | ============================================================
2026-01-23 07:31:21,730 | INFO     | __main__ | EXPERIMENT: binary_lr_s1_s44 (Seed: 44)
2026-01-23 07:31:21,730 | INFO     | __main__ |   Task:     binary
2026-01-23 07:31:21,730 | INFO     | __main__ |   Model:    LR
2026-01-23 07:31:21,731 | INFO     | __main__ |   Strategy: S1
2026-01-23 07:31:21,731 | INFO     | __main__ | ============================================================
2026-01-23 07:31:21,731 | INFO     | src.strategies.imbalance | S1: Class weighting enabled. Training size: 140,272
2026-01-23 07:31:21,731 | INFO     | src.models.trainer | Training LogisticRegression on 140,272 samples...
2026-01-23 07:31:21,731 | INFO     | src.models.trainer | Starting iterative training (max_iter) -> 1000
2026-01-23 07:32:09,636 | INFO     | src.models.trainer | Training completed in 47.90s
2026-01-23 07:32:09,988 | INFO     | __main__ | 
Results (binary_lr_s1_s44):
2026-01-23 07:32:09,988 | INFO     | __main__ | Accuracy:    0.8360
Macro F1:    0.8299
Weighted F1: 0.8332
G-Mean:      0.8252
ROC-AUC:     0.9561
2026-01-23 07:32:09,994 | INFO     | __main__ | Saved learning curve CSV: binary_lr_s1_s44.csv
2026-01-23 07:32:10,689 | INFO     | src.evaluation.plots | Saved learning curve plot to results/figures/binary_lr_s1_s44/learning_curve.png
2026-01-23 07:32:11,363 | INFO     | src.evaluation.plots | Saved confusion matrix to results/figures/binary_lr_s1_s44/confusion_matrix.png
2026-01-23 07:32:12,060 | INFO     | src.evaluation.plots | Saved ROC curve to results/figures/binary_lr_s1_s44/roc_curve.png
2026-01-23 07:32:12,578 | INFO     | src.evaluation.plots | Saved PR curve to results/figures/binary_lr_s1_s44/pr_curve.png
2026-01-23 07:32:12,578 | INFO     | __main__ | Completed binary_lr_s1_s44 in 48.26s
2026-01-23 07:32:12,579 | INFO     | __main__ | ============================================================
2026-01-23 07:32:12,579 | INFO     | __main__ | EXPERIMENT: binary_lr_s1_s45 (Seed: 45)
2026-01-23 07:32:12,579 | INFO     | __main__ |   Task:     binary
2026-01-23 07:32:12,579 | INFO     | __main__ |   Model:    LR
2026-01-23 07:32:12,579 | INFO     | __main__ |   Strategy: S1
2026-01-23 07:32:12,579 | INFO     | __main__ | ============================================================
2026-01-23 07:32:12,579 | INFO     | src.strategies.imbalance | S1: Class weighting enabled. Training size: 140,272
2026-01-23 07:32:12,581 | INFO     | src.models.trainer | Training LogisticRegression on 140,272 samples...
2026-01-23 07:32:12,581 | INFO     | src.models.trainer | Starting iterative training (max_iter) -> 1000
2026-01-23 07:32:59,019 | INFO     | src.models.trainer | Training completed in 46.44s
2026-01-23 07:32:59,198 | INFO     | __main__ | 
Results (binary_lr_s1_s45):
2026-01-23 07:32:59,198 | INFO     | __main__ | Accuracy:    0.8360
Macro F1:    0.8299
Weighted F1: 0.8332
G-Mean:      0.8252
ROC-AUC:     0.9561
2026-01-23 07:32:59,204 | INFO     | __main__ | Saved learning curve CSV: binary_lr_s1_s45.csv
2026-01-23 07:32:59,676 | INFO     | src.evaluation.plots | Saved learning curve plot to results/figures/binary_lr_s1_s45/learning_curve.png
2026-01-23 07:33:00,265 | INFO     | src.evaluation.plots | Saved confusion matrix to results/figures/binary_lr_s1_s45/confusion_matrix.png
2026-01-23 07:33:00,866 | INFO     | src.evaluation.plots | Saved ROC curve to results/figures/binary_lr_s1_s45/roc_curve.png
2026-01-23 07:33:01,405 | INFO     | src.evaluation.plots | Saved PR curve to results/figures/binary_lr_s1_s45/pr_curve.png
2026-01-23 07:33:01,405 | INFO     | __main__ | Completed binary_lr_s1_s45 in 46.62s
2026-01-23 07:33:01,405 | INFO     | __main__ | ============================================================
2026-01-23 07:33:01,405 | INFO     | __main__ | EXPERIMENT: binary_lr_s1_s46 (Seed: 46)
2026-01-23 07:33:01,405 | INFO     | __main__ |   Task:     binary
2026-01-23 07:33:01,405 | INFO     | __main__ |   Model:    LR
2026-01-23 07:33:01,405 | INFO     | __main__ |   Strategy: S1
2026-01-23 07:33:01,406 | INFO     | __main__ | ============================================================
2026-01-23 07:33:01,406 | INFO     | src.strategies.imbalance | S1: Class weighting enabled. Training size: 140,272
2026-01-23 07:33:01,406 | INFO     | src.models.trainer | Training LogisticRegression on 140,272 samples...
2026-01-23 07:33:01,407 | INFO     | src.models.trainer | Starting iterative training (max_iter) -> 1000
2026-01-23 07:33:49,204 | INFO     | src.models.trainer | Training completed in 47.80s
2026-01-23 07:33:49,532 | INFO     | __main__ | 
Results (binary_lr_s1_s46):
2026-01-23 07:33:49,532 | INFO     | __main__ | Accuracy:    0.8360
Macro F1:    0.8299
Weighted F1: 0.8332
G-Mean:      0.8252
ROC-AUC:     0.9561
2026-01-23 07:33:49,564 | INFO     | __main__ | Saved learning curve CSV: binary_lr_s1_s46.csv
2026-01-23 07:33:50,289 | INFO     | src.evaluation.plots | Saved learning curve plot to results/figures/binary_lr_s1_s46/learning_curve.png
2026-01-23 07:33:51,112 | INFO     | src.evaluation.plots | Saved confusion matrix to results/figures/binary_lr_s1_s46/confusion_matrix.png
2026-01-23 07:33:51,725 | INFO     | src.evaluation.plots | Saved ROC curve to results/figures/binary_lr_s1_s46/roc_curve.png
2026-01-23 07:33:52,258 | INFO     | src.evaluation.plots | Saved PR curve to results/figures/binary_lr_s1_s46/pr_curve.png
2026-01-23 07:33:52,259 | INFO     | __main__ | Completed binary_lr_s1_s46 in 48.13s
2026-01-23 07:33:52,259 | INFO     | __main__ | ============================================================
2026-01-23 07:33:52,259 | INFO     | __main__ | EXPERIMENT: binary_lr_s2a_s42 (Seed: 42)
2026-01-23 07:33:52,259 | INFO     | __main__ |   Task:     binary
2026-01-23 07:33:52,259 | INFO     | __main__ |   Model:    LR
2026-01-23 07:33:52,259 | INFO     | __main__ |   Strategy: S2A
2026-01-23 07:33:52,259 | INFO     | __main__ | ============================================================
2026-01-23 07:33:52,392 | INFO     | src.strategies.imbalance | S2a: RandomOverSampler applied
2026-01-23 07:33:52,392 | INFO     | src.strategies.imbalance |      Original size: 140,272 -> New size: 190,944
2026-01-23 07:33:52,392 | INFO     | src.strategies.imbalance |      Expansion ratio: 1.36x
2026-01-23 07:33:52,394 | INFO     | src.models.trainer | Training LogisticRegression on 190,944 samples...
2026-01-23 07:33:52,394 | INFO     | src.models.trainer | Starting iterative training (max_iter) -> 1000
2026-01-23 07:35:00,807 | INFO     | src.models.trainer | Training completed in 68.41s
2026-01-23 07:35:01,108 | INFO     | __main__ | 
Results (binary_lr_s2a_s42):
2026-01-23 07:35:01,108 | INFO     | __main__ | Accuracy:    0.8369
Macro F1:    0.8308
Weighted F1: 0.8341
G-Mean:      0.8262
ROC-AUC:     0.9561
2026-01-23 07:35:01,114 | INFO     | __main__ | Saved learning curve CSV: binary_lr_s2a_s42.csv
2026-01-23 07:35:01,771 | INFO     | src.evaluation.plots | Saved learning curve plot to results/figures/binary_lr_s2a_s42/learning_curve.png
2026-01-23 07:35:02,524 | INFO     | src.evaluation.plots | Saved confusion matrix to results/figures/binary_lr_s2a_s42/confusion_matrix.png
2026-01-23 07:35:03,228 | INFO     | src.evaluation.plots | Saved ROC curve to results/figures/binary_lr_s2a_s42/roc_curve.png
2026-01-23 07:35:03,774 | INFO     | src.evaluation.plots | Saved PR curve to results/figures/binary_lr_s2a_s42/pr_curve.png
2026-01-23 07:35:03,774 | INFO     | __main__ | Completed binary_lr_s2a_s42 in 68.85s
2026-01-23 07:35:03,775 | INFO     | __main__ | ============================================================
2026-01-23 07:35:03,776 | INFO     | __main__ | EXPERIMENT: binary_lr_s2a_s43 (Seed: 43)
2026-01-23 07:35:03,776 | INFO     | __main__ |   Task:     binary
2026-01-23 07:35:03,776 | INFO     | __main__ |   Model:    LR
2026-01-23 07:35:03,776 | INFO     | __main__ |   Strategy: S2A
2026-01-23 07:35:03,776 | INFO     | __main__ | ============================================================
2026-01-23 07:35:03,903 | INFO     | src.strategies.imbalance | S2a: RandomOverSampler applied
2026-01-23 07:35:03,904 | INFO     | src.strategies.imbalance |      Original size: 140,272 -> New size: 190,944
2026-01-23 07:35:03,904 | INFO     | src.strategies.imbalance |      Expansion ratio: 1.36x
2026-01-23 07:35:03,905 | INFO     | src.models.trainer | Training LogisticRegression on 190,944 samples...
2026-01-23 07:35:03,905 | INFO     | src.models.trainer | Starting iterative training (max_iter) -> 1000
2026-01-23 07:36:12,617 | INFO     | src.models.trainer | Training completed in 68.71s
2026-01-23 07:36:12,927 | INFO     | __main__ | 
Results (binary_lr_s2a_s43):
2026-01-23 07:36:12,927 | INFO     | __main__ | Accuracy:    0.8379
Macro F1:    0.8319
Weighted F1: 0.8351
G-Mean:      0.8272
ROC-AUC:     0.9566
2026-01-23 07:36:12,934 | INFO     | __main__ | Saved learning curve CSV: binary_lr_s2a_s43.csv
2026-01-23 07:36:13,671 | INFO     | src.evaluation.plots | Saved learning curve plot to results/figures/binary_lr_s2a_s43/learning_curve.png
2026-01-23 07:36:14,378 | INFO     | src.evaluation.plots | Saved confusion matrix to results/figures/binary_lr_s2a_s43/confusion_matrix.png
2026-01-23 07:36:14,953 | INFO     | src.evaluation.plots | Saved ROC curve to results/figures/binary_lr_s2a_s43/roc_curve.png
2026-01-23 07:36:15,490 | INFO     | src.evaluation.plots | Saved PR curve to results/figures/binary_lr_s2a_s43/pr_curve.png
2026-01-23 07:36:15,491 | INFO     | __main__ | Completed binary_lr_s2a_s43 in 69.15s
2026-01-23 07:36:15,491 | INFO     | __main__ | ============================================================
2026-01-23 07:36:15,492 | INFO     | __main__ | EXPERIMENT: binary_rf_s0_s42 (Seed: 42)
2026-01-23 07:36:15,492 | INFO     | __main__ |   Task:     binary
2026-01-23 07:36:15,492 | INFO     | __main__ |   Model:    RF
2026-01-23 07:36:15,492 | INFO     | __main__ |   Strategy: S0
2026-01-23 07:36:15,493 | INFO     | __main__ | ============================================================
2026-01-23 07:36:15,493 | INFO     | src.strategies.imbalance | S0: No balancing applied. Training size: 140,272
2026-01-23 07:36:15,494 | INFO     | src.models.trainer | Training RandomForestClassifier on 140,272 samples...
2026-01-23 07:36:15,494 | INFO     | src.models.trainer | Starting iterative training (n_estimators) -> 300
2026-01-23 07:40:43,161 | INFO     | src.models.trainer | Training completed in 267.67s
2026-01-23 07:40:48,802 | INFO     | __main__ | 
Results (binary_rf_s0_s42):
2026-01-23 07:40:48,803 | INFO     | __main__ | Accuracy:    0.8705
Macro F1:    0.8641
Weighted F1: 0.8670
G-Mean:      0.8573
ROC-AUC:     0.9807
2026-01-23 07:40:48,807 | INFO     | __main__ | Saved learning curve CSV: binary_rf_s0_s42.csv
2026-01-23 07:40:49,221 | INFO     | src.evaluation.plots | Saved learning curve plot to results/figures/binary_rf_s0_s42/learning_curve.png
2026-01-23 07:40:49,780 | INFO     | src.evaluation.plots | Saved confusion matrix to results/figures/binary_rf_s0_s42/confusion_matrix.png
2026-01-23 07:40:50,362 | INFO     | src.evaluation.plots | Saved ROC curve to results/figures/binary_rf_s0_s42/roc_curve.png
2026-01-23 07:40:50,886 | INFO     | src.evaluation.plots | Saved PR curve to results/figures/binary_rf_s0_s42/pr_curve.png
2026-01-23 07:40:51,724 | INFO     | src.evaluation.plots | Saved feature importance plot to results/figures/binary_rf_s0_s42/feature_importance.png
2026-01-23 07:40:51,725 | INFO     | __main__ | Completed binary_rf_s0_s42 in 273.31s
2026-01-23 07:40:51,727 | INFO     | __main__ | ============================================================
2026-01-23 07:40:51,727 | INFO     | __main__ | EXPERIMENT: binary_rf_s0_s43 (Seed: 43)
2026-01-23 07:40:51,727 | INFO     | __main__ |   Task:     binary
2026-01-23 07:40:51,727 | INFO     | __main__ |   Model:    RF
2026-01-23 07:40:51,727 | INFO     | __main__ |   Strategy: S0
2026-01-23 07:40:51,727 | INFO     | __main__ | ============================================================
2026-01-23 07:40:51,728 | INFO     | src.strategies.imbalance | S0: No balancing applied. Training size: 140,272
2026-01-23 07:40:51,728 | INFO     | src.models.trainer | Training RandomForestClassifier on 140,272 samples...
2026-01-23 07:40:51,728 | INFO     | src.models.trainer | Starting iterative training (n_estimators) -> 300
2026-01-23 07:45:11,578 | INFO     | src.models.trainer | Training completed in 259.85s
2026-01-23 07:45:15,889 | INFO     | __main__ | 
Results (binary_rf_s0_s43):
2026-01-23 07:45:15,889 | INFO     | __main__ | Accuracy:    0.8705
Macro F1:    0.8641
Weighted F1: 0.8671
G-Mean:      0.8573
ROC-AUC:     0.9809
2026-01-23 07:45:15,892 | INFO     | __main__ | Saved learning curve CSV: binary_rf_s0_s43.csv
2026-01-23 07:45:16,352 | INFO     | src.evaluation.plots | Saved learning curve plot to results/figures/binary_rf_s0_s43/learning_curve.png
2026-01-23 07:45:17,177 | INFO     | src.evaluation.plots | Saved confusion matrix to results/figures/binary_rf_s0_s43/confusion_matrix.png
2026-01-23 07:45:18,132 | INFO     | src.evaluation.plots | Saved ROC curve to results/figures/binary_rf_s0_s43/roc_curve.png
2026-01-23 07:45:19,044 | INFO     | src.evaluation.plots | Saved PR curve to results/figures/binary_rf_s0_s43/pr_curve.png
2026-01-23 07:45:20,324 | INFO     | src.evaluation.plots | Saved feature importance plot to results/figures/binary_rf_s0_s43/feature_importance.png
2026-01-23 07:45:20,324 | INFO     | __main__ | Completed binary_rf_s0_s43 in 264.16s
2026-01-23 07:45:20,326 | INFO     | __main__ | ============================================================
2026-01-23 07:45:20,326 | INFO     | __main__ | EXPERIMENT: binary_rf_s0_s44 (Seed: 44)
2026-01-23 07:45:20,326 | INFO     | __main__ |   Task:     binary
2026-01-23 07:45:20,326 | INFO     | __main__ |   Model:    RF
2026-01-23 07:45:20,326 | INFO     | __main__ |   Strategy: S0
2026-01-23 07:45:20,326 | INFO     | __main__ | ============================================================
2026-01-23 07:45:20,326 | INFO     | src.strategies.imbalance | S0: No balancing applied. Training size: 140,272
2026-01-23 07:45:20,327 | INFO     | src.models.trainer | Training RandomForestClassifier on 140,272 samples...
2026-01-23 07:45:20,327 | INFO     | src.models.trainer | Starting iterative training (n_estimators) -> 300
2026-01-23 07:50:00,990 | INFO     | src.models.trainer | Training completed in 280.66s
2026-01-23 07:50:05,221 | INFO     | __main__ | 
Results (binary_rf_s0_s44):
2026-01-23 07:50:05,221 | INFO     | __main__ | Accuracy:    0.8711
Macro F1:    0.8648
Weighted F1: 0.8678
G-Mean:      0.8580
ROC-AUC:     0.9806
2026-01-23 07:50:05,224 | INFO     | __main__ | Saved learning curve CSV: binary_rf_s0_s44.csv
2026-01-23 07:50:05,627 | INFO     | src.evaluation.plots | Saved learning curve plot to results/figures/binary_rf_s0_s44/learning_curve.png
2026-01-23 07:50:06,175 | INFO     | src.evaluation.plots | Saved confusion matrix to results/figures/binary_rf_s0_s44/confusion_matrix.png
2026-01-23 07:50:06,831 | INFO     | src.evaluation.plots | Saved ROC curve to results/figures/binary_rf_s0_s44/roc_curve.png
2026-01-23 07:50:07,669 | INFO     | src.evaluation.plots | Saved PR curve to results/figures/binary_rf_s0_s44/pr_curve.png
2026-01-23 07:50:08,949 | INFO     | src.evaluation.plots | Saved feature importance plot to results/figures/binary_rf_s0_s44/feature_importance.png
2026-01-23 07:50:08,950 | INFO     | __main__ | Completed binary_rf_s0_s44 in 284.90s
2026-01-23 07:50:08,954 | INFO     | __main__ | ============================================================
2026-01-23 07:50:08,954 | INFO     | __main__ | EXPERIMENT: binary_rf_s0_s45 (Seed: 45)
2026-01-23 07:50:08,954 | INFO     | __main__ |   Task:     binary
2026-01-23 07:50:08,954 | INFO     | __main__ |   Model:    RF
2026-01-23 07:50:08,954 | INFO     | __main__ |   Strategy: S0
2026-01-23 07:50:08,954 | INFO     | __main__ | ============================================================
2026-01-23 07:50:08,954 | INFO     | src.strategies.imbalance | S0: No balancing applied. Training size: 140,272
2026-01-23 07:50:08,955 | INFO     | src.models.trainer | Training RandomForestClassifier on 140,272 samples...
2026-01-23 07:50:08,955 | INFO     | src.models.trainer | Starting iterative training (n_estimators) -> 300
2026-01-23 07:54:31,933 | INFO     | src.models.trainer | Training completed in 262.98s
2026-01-23 07:54:36,290 | INFO     | __main__ | 
Results (binary_rf_s0_s45):
2026-01-23 07:54:36,290 | INFO     | __main__ | Accuracy:    0.8702
Macro F1:    0.8638
Weighted F1: 0.8668
G-Mean:      0.8570
ROC-AUC:     0.9808
2026-01-23 07:54:36,294 | INFO     | __main__ | Saved learning curve CSV: binary_rf_s0_s45.csv
2026-01-23 07:54:36,700 | INFO     | src.evaluation.plots | Saved learning curve plot to results/figures/binary_rf_s0_s45/learning_curve.png
2026-01-23 07:54:37,213 | INFO     | src.evaluation.plots | Saved confusion matrix to results/figures/binary_rf_s0_s45/confusion_matrix.png
2026-01-23 07:54:37,801 | INFO     | src.evaluation.plots | Saved ROC curve to results/figures/binary_rf_s0_s45/roc_curve.png
2026-01-23 07:54:38,298 | INFO     | src.evaluation.plots | Saved PR curve to results/figures/binary_rf_s0_s45/pr_curve.png
2026-01-23 07:54:39,162 | INFO     | src.evaluation.plots | Saved feature importance plot to results/figures/binary_rf_s0_s45/feature_importance.png
2026-01-23 07:54:39,162 | INFO     | __main__ | Completed binary_rf_s0_s45 in 267.34s
2026-01-23 07:54:39,163 | INFO     | __main__ | ============================================================
2026-01-23 07:54:39,163 | INFO     | __main__ | EXPERIMENT: binary_rf_s0_s46 (Seed: 46)
2026-01-23 07:54:39,163 | INFO     | __main__ |   Task:     binary
2026-01-23 07:54:39,163 | INFO     | __main__ |   Model:    RF
2026-01-23 07:54:39,163 | INFO     | __main__ |   Strategy: S0
2026-01-23 07:54:39,163 | INFO     | __main__ | ============================================================
2026-01-23 07:54:39,164 | INFO     | src.strategies.imbalance | S0: No balancing applied. Training size: 140,272
2026-01-23 07:54:39,164 | INFO     | src.models.trainer | Training RandomForestClassifier on 140,272 samples...
2026-01-23 07:54:39,164 | INFO     | src.models.trainer | Starting iterative training (n_estimators) -> 300
2026-01-23 07:58:56,838 | INFO     | src.models.trainer | Training completed in 257.67s
2026-01-23 07:59:01,146 | INFO     | __main__ | 
Results (binary_rf_s0_s46):
2026-01-23 07:59:01,146 | INFO     | __main__ | Accuracy:    0.8705
Macro F1:    0.8641
Weighted F1: 0.8671
G-Mean:      0.8573
ROC-AUC:     0.9808
2026-01-23 07:59:01,151 | INFO     | __main__ | Saved learning curve CSV: binary_rf_s0_s46.csv
2026-01-23 07:59:01,694 | INFO     | src.evaluation.plots | Saved learning curve plot to results/figures/binary_rf_s0_s46/learning_curve.png
2026-01-23 07:59:02,521 | INFO     | src.evaluation.plots | Saved confusion matrix to results/figures/binary_rf_s0_s46/confusion_matrix.png
2026-01-23 07:59:03,439 | INFO     | src.evaluation.plots | Saved ROC curve to results/figures/binary_rf_s0_s46/roc_curve.png
2026-01-23 07:59:04,212 | INFO     | src.evaluation.plots | Saved PR curve to results/figures/binary_rf_s0_s46/pr_curve.png
2026-01-23 07:59:05,284 | INFO     | src.evaluation.plots | Saved feature importance plot to results/figures/binary_rf_s0_s46/feature_importance.png
2026-01-23 07:59:05,285 | INFO     | __main__ | Completed binary_rf_s0_s46 in 261.98s
2026-01-23 07:59:05,286 | INFO     | __main__ | ============================================================
2026-01-23 07:59:05,286 | INFO     | __main__ | EXPERIMENT: binary_rf_s1_s42 (Seed: 42)
2026-01-23 07:59:05,286 | INFO     | __main__ |   Task:     binary
2026-01-23 07:59:05,286 | INFO     | __main__ |   Model:    RF
2026-01-23 07:59:05,286 | INFO     | __main__ |   Strategy: S1
2026-01-23 07:59:05,286 | INFO     | __main__ | ============================================================
2026-01-23 07:59:05,286 | INFO     | src.strategies.imbalance | S1: Class weighting enabled. Training size: 140,272
2026-01-23 07:59:05,287 | INFO     | src.models.trainer | Training RandomForestClassifier on 140,272 samples...
2026-01-23 07:59:05,288 | INFO     | src.models.trainer | Starting iterative training (n_estimators) -> 300
2026-01-23 08:03:17,109 | INFO     | src.models.trainer | Training completed in 251.82s
2026-01-23 08:03:22,684 | INFO     | __main__ | 
Results (binary_rf_s1_s42):
2026-01-23 08:03:22,684 | INFO     | __main__ | Accuracy:    0.8704
Macro F1:    0.8640
Weighted F1: 0.8670
G-Mean:      0.8572
ROC-AUC:     0.9804
2026-01-23 08:03:22,688 | INFO     | __main__ | Saved learning curve CSV: binary_rf_s1_s42.csv
2026-01-23 08:03:23,310 | INFO     | src.evaluation.plots | Saved learning curve plot to results/figures/binary_rf_s1_s42/learning_curve.png
2026-01-23 08:03:23,835 | INFO     | src.evaluation.plots | Saved confusion matrix to results/figures/binary_rf_s1_s42/confusion_matrix.png
2026-01-23 08:03:24,424 | INFO     | src.evaluation.plots | Saved ROC curve to results/figures/binary_rf_s1_s42/roc_curve.png
2026-01-23 08:03:24,926 | INFO     | src.evaluation.plots | Saved PR curve to results/figures/binary_rf_s1_s42/pr_curve.png
2026-01-23 08:03:25,763 | INFO     | src.evaluation.plots | Saved feature importance plot to results/figures/binary_rf_s1_s42/feature_importance.png
2026-01-23 08:03:25,763 | INFO     | __main__ | Completed binary_rf_s1_s42 in 257.40s
2026-01-23 08:03:25,772 | INFO     | __main__ | ============================================================
2026-01-23 08:03:25,773 | INFO     | __main__ | EXPERIMENT: binary_rf_s1_s43 (Seed: 43)
2026-01-23 08:03:25,773 | INFO     | __main__ |   Task:     binary
2026-01-23 08:03:25,773 | INFO     | __main__ |   Model:    RF
2026-01-23 08:03:25,773 | INFO     | __main__ |   Strategy: S1
2026-01-23 08:03:25,774 | INFO     | __main__ | ============================================================
2026-01-23 08:03:25,774 | INFO     | src.strategies.imbalance | S1: Class weighting enabled. Training size: 140,272
2026-01-23 08:03:25,775 | INFO     | src.models.trainer | Training RandomForestClassifier on 140,272 samples...
2026-01-23 08:03:25,775 | INFO     | src.models.trainer | Starting iterative training (n_estimators) -> 300
2026-01-23 08:07:35,185 | INFO     | src.models.trainer | Training completed in 249.41s
2026-01-23 08:07:40,411 | INFO     | __main__ | 
Results (binary_rf_s1_s43):
2026-01-23 08:07:40,412 | INFO     | __main__ | Accuracy:    0.8704
Macro F1:    0.8640
Weighted F1: 0.8670
G-Mean:      0.8572
ROC-AUC:     0.9807
2026-01-23 08:07:40,417 | INFO     | __main__ | Saved learning curve CSV: binary_rf_s1_s43.csv
2026-01-23 08:07:41,153 | INFO     | src.evaluation.plots | Saved learning curve plot to results/figures/binary_rf_s1_s43/learning_curve.png
2026-01-23 08:07:41,901 | INFO     | src.evaluation.plots | Saved confusion matrix to results/figures/binary_rf_s1_s43/confusion_matrix.png
2026-01-23 08:07:42,490 | INFO     | src.evaluation.plots | Saved ROC curve to results/figures/binary_rf_s1_s43/roc_curve.png
2026-01-23 08:07:42,992 | INFO     | src.evaluation.plots | Saved PR curve to results/figures/binary_rf_s1_s43/pr_curve.png
2026-01-23 08:07:43,839 | INFO     | src.evaluation.plots | Saved feature importance plot to results/figures/binary_rf_s1_s43/feature_importance.png
2026-01-23 08:07:43,840 | INFO     | __main__ | Completed binary_rf_s1_s43 in 254.64s
2026-01-23 08:07:43,845 | INFO     | __main__ | ============================================================
2026-01-23 08:07:43,846 | INFO     | __main__ | EXPERIMENT: binary_rf_s1_s44 (Seed: 44)
2026-01-23 08:07:43,846 | INFO     | __main__ |   Task:     binary
2026-01-23 08:07:43,846 | INFO     | __main__ |   Model:    RF
2026-01-23 08:07:43,847 | INFO     | __main__ |   Strategy: S1
2026-01-23 08:07:43,847 | INFO     | __main__ | ============================================================
2026-01-23 08:07:43,847 | INFO     | src.strategies.imbalance | S1: Class weighting enabled. Training size: 140,272
2026-01-23 08:07:43,848 | INFO     | src.models.trainer | Training RandomForestClassifier on 140,272 samples...
2026-01-23 08:07:43,848 | INFO     | src.models.trainer | Starting iterative training (n_estimators) -> 300
2026-01-23 08:11:55,264 | INFO     | src.models.trainer | Training completed in 251.42s
2026-01-23 08:12:00,952 | INFO     | __main__ | 
Results (binary_rf_s1_s44):
2026-01-23 08:12:00,953 | INFO     | __main__ | Accuracy:    0.8701
Macro F1:    0.8638
Weighted F1: 0.8667
G-Mean:      0.8570
ROC-AUC:     0.9806
2026-01-23 08:12:00,957 | INFO     | __main__ | Saved learning curve CSV: binary_rf_s1_s44.csv
2026-01-23 08:12:01,397 | INFO     | src.evaluation.plots | Saved learning curve plot to results/figures/binary_rf_s1_s44/learning_curve.png
2026-01-23 08:12:01,953 | INFO     | src.evaluation.plots | Saved confusion matrix to results/figures/binary_rf_s1_s44/confusion_matrix.png
2026-01-23 08:12:02,514 | INFO     | src.evaluation.plots | Saved ROC curve to results/figures/binary_rf_s1_s44/roc_curve.png
2026-01-23 08:12:03,031 | INFO     | src.evaluation.plots | Saved PR curve to results/figures/binary_rf_s1_s44/pr_curve.png
2026-01-23 08:12:03,872 | INFO     | src.evaluation.plots | Saved feature importance plot to results/figures/binary_rf_s1_s44/feature_importance.png
2026-01-23 08:12:03,873 | INFO     | __main__ | Completed binary_rf_s1_s44 in 257.11s
2026-01-23 08:12:03,877 | INFO     | __main__ | ============================================================
2026-01-23 08:12:03,878 | INFO     | __main__ | EXPERIMENT: binary_rf_s1_s45 (Seed: 45)
2026-01-23 08:12:03,878 | INFO     | __main__ |   Task:     binary
2026-01-23 08:12:03,878 | INFO     | __main__ |   Model:    RF
2026-01-23 08:12:03,879 | INFO     | __main__ |   Strategy: S1
2026-01-23 08:12:03,879 | INFO     | __main__ | ============================================================
2026-01-23 08:12:03,880 | INFO     | src.strategies.imbalance | S1: Class weighting enabled. Training size: 140,272
2026-01-23 08:12:03,881 | INFO     | src.models.trainer | Training RandomForestClassifier on 140,272 samples...
2026-01-23 08:12:03,881 | INFO     | src.models.trainer | Starting iterative training (n_estimators) -> 300
2026-01-23 08:16:15,565 | INFO     | src.models.trainer | Training completed in 251.68s
2026-01-23 08:16:21,162 | INFO     | __main__ | 
Results (binary_rf_s1_s45):
2026-01-23 08:16:21,163 | INFO     | __main__ | Accuracy:    0.8705
Macro F1:    0.8641
Weighted F1: 0.8671
G-Mean:      0.8573
ROC-AUC:     0.9807
2026-01-23 08:16:21,168 | INFO     | __main__ | Saved learning curve CSV: binary_rf_s1_s45.csv
2026-01-23 08:16:21,764 | INFO     | src.evaluation.plots | Saved learning curve plot to results/figures/binary_rf_s1_s45/learning_curve.png
2026-01-23 08:16:22,320 | INFO     | src.evaluation.plots | Saved confusion matrix to results/figures/binary_rf_s1_s45/confusion_matrix.png
2026-01-23 08:16:22,921 | INFO     | src.evaluation.plots | Saved ROC curve to results/figures/binary_rf_s1_s45/roc_curve.png
2026-01-23 08:16:23,406 | INFO     | src.evaluation.plots | Saved PR curve to results/figures/binary_rf_s1_s45/pr_curve.png
2026-01-23 08:16:24,247 | INFO     | src.evaluation.plots | Saved feature importance plot to results/figures/binary_rf_s1_s45/feature_importance.png
2026-01-23 08:16:24,247 | INFO     | __main__ | Completed binary_rf_s1_s45 in 257.29s
2026-01-23 08:16:24,252 | INFO     | __main__ | ============================================================
2026-01-23 08:16:24,252 | INFO     | __main__ | EXPERIMENT: binary_rf_s1_s46 (Seed: 46)
2026-01-23 08:16:24,252 | INFO     | __main__ |   Task:     binary
2026-01-23 08:16:24,252 | INFO     | __main__ |   Model:    RF
2026-01-23 08:16:24,252 | INFO     | __main__ |   Strategy: S1
2026-01-23 08:16:24,252 | INFO     | __main__ | ============================================================
2026-01-23 08:16:24,252 | INFO     | src.strategies.imbalance | S1: Class weighting enabled. Training size: 140,272
2026-01-23 08:16:24,253 | INFO     | src.models.trainer | Training RandomForestClassifier on 140,272 samples...
2026-01-23 08:16:24,253 | INFO     | src.models.trainer | Starting iterative training (n_estimators) -> 300
2026-01-23 08:20:34,053 | INFO     | src.models.trainer | Training completed in 249.80s
2026-01-23 08:20:38,889 | INFO     | __main__ | 
Results (binary_rf_s1_s46):
2026-01-23 08:20:38,889 | INFO     | __main__ | Accuracy:    0.8702
Macro F1:    0.8638
Weighted F1: 0.8668
G-Mean:      0.8570
ROC-AUC:     0.9806
2026-01-23 08:20:38,894 | INFO     | __main__ | Saved learning curve CSV: binary_rf_s1_s46.csv
2026-01-23 08:20:39,552 | INFO     | src.evaluation.plots | Saved learning curve plot to results/figures/binary_rf_s1_s46/learning_curve.png
2026-01-23 08:20:40,384 | INFO     | src.evaluation.plots | Saved confusion matrix to results/figures/binary_rf_s1_s46/confusion_matrix.png
2026-01-23 08:20:41,157 | INFO     | src.evaluation.plots | Saved ROC curve to results/figures/binary_rf_s1_s46/roc_curve.png
2026-01-23 08:20:41,644 | INFO     | src.evaluation.plots | Saved PR curve to results/figures/binary_rf_s1_s46/pr_curve.png
2026-01-23 08:20:42,487 | INFO     | src.evaluation.plots | Saved feature importance plot to results/figures/binary_rf_s1_s46/feature_importance.png
2026-01-23 08:20:42,488 | INFO     | __main__ | Completed binary_rf_s1_s46 in 254.64s
2026-01-23 08:20:42,493 | INFO     | __main__ | ============================================================
2026-01-23 08:20:42,493 | INFO     | __main__ | EXPERIMENT: binary_rf_s2a_s42 (Seed: 42)
2026-01-23 08:20:42,493 | INFO     | __main__ |   Task:     binary
2026-01-23 08:20:42,493 | INFO     | __main__ |   Model:    RF
2026-01-23 08:20:42,494 | INFO     | __main__ |   Strategy: S2A
2026-01-23 08:20:42,494 | INFO     | __main__ | ============================================================
2026-01-23 08:20:42,621 | INFO     | src.strategies.imbalance | S2a: RandomOverSampler applied
2026-01-23 08:20:42,621 | INFO     | src.strategies.imbalance |      Original size: 140,272 -> New size: 190,944
2026-01-23 08:20:42,621 | INFO     | src.strategies.imbalance |      Expansion ratio: 1.36x
2026-01-23 08:20:42,622 | INFO     | src.models.trainer | Training RandomForestClassifier on 190,944 samples...
2026-01-23 08:20:42,622 | INFO     | src.models.trainer | Starting iterative training (n_estimators) -> 300
2026-01-23 08:26:19,082 | INFO     | src.models.trainer | Training completed in 336.46s
2026-01-23 08:26:24,975 | INFO     | __main__ | 
Results (binary_rf_s2a_s42):
2026-01-23 08:26:24,976 | INFO     | __main__ | Accuracy:    0.8851
Macro F1:    0.8806
Weighted F1: 0.8829
G-Mean:      0.8743
ROC-AUC:     0.9809
2026-01-23 08:26:24,979 | INFO     | __main__ | Saved learning curve CSV: binary_rf_s2a_s42.csv
2026-01-23 08:26:25,356 | INFO     | src.evaluation.plots | Saved learning curve plot to results/figures/binary_rf_s2a_s42/learning_curve.png
2026-01-23 08:26:25,873 | INFO     | src.evaluation.plots | Saved confusion matrix to results/figures/binary_rf_s2a_s42/confusion_matrix.png
2026-01-23 08:26:26,441 | INFO     | src.evaluation.plots | Saved ROC curve to results/figures/binary_rf_s2a_s42/roc_curve.png
2026-01-23 08:26:26,954 | INFO     | src.evaluation.plots | Saved PR curve to results/figures/binary_rf_s2a_s42/pr_curve.png
2026-01-23 08:26:27,811 | INFO     | src.evaluation.plots | Saved feature importance plot to results/figures/binary_rf_s2a_s42/feature_importance.png
2026-01-23 08:26:27,811 | INFO     | __main__ | Completed binary_rf_s2a_s42 in 342.48s
2026-01-23 08:26:27,816 | INFO     | __main__ | ============================================================
2026-01-23 08:26:27,817 | INFO     | __main__ | EXPERIMENT: binary_rf_s2a_s43 (Seed: 43)
2026-01-23 08:26:27,817 | INFO     | __main__ |   Task:     binary
2026-01-23 08:26:27,817 | INFO     | __main__ |   Model:    RF
2026-01-23 08:26:27,818 | INFO     | __main__ |   Strategy: S2A
2026-01-23 08:26:27,818 | INFO     | __main__ | ============================================================
2026-01-23 08:26:27,970 | INFO     | src.strategies.imbalance | S2a: RandomOverSampler applied
2026-01-23 08:26:27,970 | INFO     | src.strategies.imbalance |      Original size: 140,272 -> New size: 190,944
2026-01-23 08:26:27,970 | INFO     | src.strategies.imbalance |      Expansion ratio: 1.36x
2026-01-23 08:26:27,971 | INFO     | src.models.trainer | Training RandomForestClassifier on 190,944 samples...
2026-01-23 08:26:27,971 | INFO     | src.models.trainer | Starting iterative training (n_estimators) -> 300
2026-01-23 08:32:29,604 | INFO     | src.models.trainer | Training completed in 361.63s
2026-01-23 08:32:35,526 | INFO     | __main__ | 
Results (binary_rf_s2a_s43):
2026-01-23 08:32:35,526 | INFO     | __main__ | Accuracy:    0.8850
Macro F1:    0.8805
Weighted F1: 0.8828
G-Mean:      0.8743
ROC-AUC:     0.9809
2026-01-23 08:32:35,532 | INFO     | __main__ | Saved learning curve CSV: binary_rf_s2a_s43.csv
2026-01-23 08:32:36,037 | INFO     | src.evaluation.plots | Saved learning curve plot to results/figures/binary_rf_s2a_s43/learning_curve.png
2026-01-23 08:32:36,585 | INFO     | src.evaluation.plots | Saved confusion matrix to results/figures/binary_rf_s2a_s43/confusion_matrix.png
2026-01-23 08:32:37,155 | INFO     | src.evaluation.plots | Saved ROC curve to results/figures/binary_rf_s2a_s43/roc_curve.png
2026-01-23 08:32:37,682 | INFO     | src.evaluation.plots | Saved PR curve to results/figures/binary_rf_s2a_s43/pr_curve.png
2026-01-23 08:32:38,557 | INFO     | src.evaluation.plots | Saved feature importance plot to results/figures/binary_rf_s2a_s43/feature_importance.png
2026-01-23 08:32:38,557 | INFO     | __main__ | Completed binary_rf_s2a_s43 in 367.71s
2026-01-23 08:32:38,562 | INFO     | __main__ | ============================================================
2026-01-23 08:32:38,563 | INFO     | __main__ | EXPERIMENT: binary_rf_s2a_s44 (Seed: 44)
2026-01-23 08:32:38,563 | INFO     | __main__ |   Task:     binary
2026-01-23 08:32:38,563 | INFO     | __main__ |   Model:    RF
2026-01-23 08:32:38,563 | INFO     | __main__ |   Strategy: S2A
2026-01-23 08:32:38,563 | INFO     | __main__ | ============================================================
2026-01-23 08:32:38,697 | INFO     | src.strategies.imbalance | S2a: RandomOverSampler applied
2026-01-23 08:32:38,697 | INFO     | src.strategies.imbalance |      Original size: 140,272 -> New size: 190,944
2026-01-23 08:32:38,697 | INFO     | src.strategies.imbalance |      Expansion ratio: 1.36x
2026-01-23 08:32:38,698 | INFO     | src.models.trainer | Training RandomForestClassifier on 190,944 samples...
2026-01-23 08:32:38,698 | INFO     | src.models.trainer | Starting iterative training (n_estimators) -> 300
2026-01-23 08:38:50,028 | INFO     | src.models.trainer | Training completed in 371.33s
2026-01-23 08:38:54,308 | INFO     | __main__ | 
Results (binary_rf_s2a_s44):
2026-01-23 08:38:54,308 | INFO     | __main__ | Accuracy:    0.8854
Macro F1:    0.8809
Weighted F1: 0.8832
G-Mean:      0.8746
ROC-AUC:     0.9810
2026-01-23 08:38:54,312 | INFO     | __main__ | Saved learning curve CSV: binary_rf_s2a_s44.csv
2026-01-23 08:38:54,701 | INFO     | src.evaluation.plots | Saved learning curve plot to results/figures/binary_rf_s2a_s44/learning_curve.png
2026-01-23 08:38:55,231 | INFO     | src.evaluation.plots | Saved confusion matrix to results/figures/binary_rf_s2a_s44/confusion_matrix.png
2026-01-23 08:38:55,783 | INFO     | src.evaluation.plots | Saved ROC curve to results/figures/binary_rf_s2a_s44/roc_curve.png
2026-01-23 08:38:56,300 | INFO     | src.evaluation.plots | Saved PR curve to results/figures/binary_rf_s2a_s44/pr_curve.png
2026-01-23 08:38:57,183 | INFO     | src.evaluation.plots | Saved feature importance plot to results/figures/binary_rf_s2a_s44/feature_importance.png
2026-01-23 08:38:57,183 | INFO     | __main__ | Completed binary_rf_s2a_s44 in 375.75s
2026-01-23 08:38:57,186 | INFO     | __main__ | ============================================================
2026-01-23 08:38:57,186 | INFO     | __main__ | EXPERIMENT: binary_rf_s2a_s45 (Seed: 45)
2026-01-23 08:38:57,186 | INFO     | __main__ |   Task:     binary
2026-01-23 08:38:57,186 | INFO     | __main__ |   Model:    RF
2026-01-23 08:38:57,186 | INFO     | __main__ |   Strategy: S2A
2026-01-23 08:38:57,186 | INFO     | __main__ | ============================================================
2026-01-23 08:38:57,314 | INFO     | src.strategies.imbalance | S2a: RandomOverSampler applied
2026-01-23 08:38:57,314 | INFO     | src.strategies.imbalance |      Original size: 140,272 -> New size: 190,944
2026-01-23 08:38:57,314 | INFO     | src.strategies.imbalance |      Expansion ratio: 1.36x
2026-01-23 08:38:57,315 | INFO     | src.models.trainer | Training RandomForestClassifier on 190,944 samples...
2026-01-23 08:38:57,316 | INFO     | src.models.trainer | Starting iterative training (n_estimators) -> 300
2026-01-23 08:44:39,705 | INFO     | src.models.trainer | Training completed in 342.39s
2026-01-23 08:44:43,933 | INFO     | __main__ | 
Results (binary_rf_s2a_s45):
2026-01-23 08:44:43,933 | INFO     | __main__ | Accuracy:    0.8851
Macro F1:    0.8806
Weighted F1: 0.8830
G-Mean:      0.8745
ROC-AUC:     0.9807
2026-01-23 08:44:43,937 | INFO     | __main__ | Saved learning curve CSV: binary_rf_s2a_s45.csv
2026-01-23 08:44:44,335 | INFO     | src.evaluation.plots | Saved learning curve plot to results/figures/binary_rf_s2a_s45/learning_curve.png
2026-01-23 08:44:44,850 | INFO     | src.evaluation.plots | Saved confusion matrix to results/figures/binary_rf_s2a_s45/confusion_matrix.png
2026-01-23 08:44:45,437 | INFO     | src.evaluation.plots | Saved ROC curve to results/figures/binary_rf_s2a_s45/roc_curve.png
2026-01-23 08:44:46,108 | INFO     | src.evaluation.plots | Saved PR curve to results/figures/binary_rf_s2a_s45/pr_curve.png
2026-01-23 08:44:47,473 | INFO     | src.evaluation.plots | Saved feature importance plot to results/figures/binary_rf_s2a_s45/feature_importance.png
2026-01-23 08:44:47,473 | INFO     | __main__ | Completed binary_rf_s2a_s45 in 346.75s
2026-01-23 08:44:47,481 | INFO     | __main__ | ============================================================
2026-01-23 08:44:47,481 | INFO     | __main__ | EXPERIMENT: binary_rf_s2a_s46 (Seed: 46)
2026-01-23 08:44:47,481 | INFO     | __main__ |   Task:     binary
2026-01-23 08:44:47,482 | INFO     | __main__ |   Model:    RF
2026-01-23 08:44:47,482 | INFO     | __main__ |   Strategy: S2A
2026-01-23 08:44:47,483 | INFO     | __main__ | ============================================================
2026-01-23 08:44:47,617 | INFO     | src.strategies.imbalance | S2a: RandomOverSampler applied
2026-01-23 08:44:47,617 | INFO     | src.strategies.imbalance |      Original size: 140,272 -> New size: 190,944
2026-01-23 08:44:47,617 | INFO     | src.strategies.imbalance |      Expansion ratio: 1.36x
2026-01-23 08:44:47,618 | INFO     | src.models.trainer | Training RandomForestClassifier on 190,944 samples...
2026-01-23 08:44:47,618 | INFO     | src.models.trainer | Starting iterative training (n_estimators) -> 300
2026-01-23 08:51:04,075 | INFO     | src.models.trainer | Training completed in 376.46s
2026-01-23 08:51:08,586 | INFO     | __main__ | 
Results (binary_rf_s2a_s46):
2026-01-23 08:51:08,586 | INFO     | __main__ | Accuracy:    0.8855
Macro F1:    0.8810
Weighted F1: 0.8833
G-Mean:      0.8747
ROC-AUC:     0.9808
2026-01-23 08:51:08,589 | INFO     | __main__ | Saved learning curve CSV: binary_rf_s2a_s46.csv
2026-01-23 08:51:09,150 | INFO     | src.evaluation.plots | Saved learning curve plot to results/figures/binary_rf_s2a_s46/learning_curve.png
2026-01-23 08:51:09,752 | INFO     | src.evaluation.plots | Saved confusion matrix to results/figures/binary_rf_s2a_s46/confusion_matrix.png
2026-01-23 08:51:10,645 | INFO     | src.evaluation.plots | Saved ROC curve to results/figures/binary_rf_s2a_s46/roc_curve.png
2026-01-23 08:51:11,375 | INFO     | src.evaluation.plots | Saved PR curve to results/figures/binary_rf_s2a_s46/pr_curve.png
2026-01-23 08:51:12,764 | INFO     | src.evaluation.plots | Saved feature importance plot to results/figures/binary_rf_s2a_s46/feature_importance.png
2026-01-23 08:51:12,765 | INFO     | __main__ | Completed binary_rf_s2a_s46 in 381.10s
2026-01-23 08:51:12,772 | INFO     | __main__ | ============================================================
2026-01-23 08:51:12,772 | INFO     | __main__ | EXPERIMENT: binary_xgb_s0_s42 (Seed: 42)
2026-01-23 08:51:12,773 | INFO     | __main__ |   Task:     binary
2026-01-23 08:51:12,773 | INFO     | __main__ |   Model:    XGB
2026-01-23 08:51:12,774 | INFO     | __main__ |   Strategy: S0
2026-01-23 08:51:12,774 | INFO     | __main__ | ============================================================
2026-01-23 08:51:12,774 | INFO     | src.strategies.imbalance | S0: No balancing applied. Training size: 140,272
2026-01-23 08:51:12,775 | INFO     | src.models.trainer | Training XGBClassifier on 140,272 samples...
2026-01-23 08:51:12,775 | INFO     | src.models.trainer | Enabled XGBoost native tracking
2026-01-23 08:51:12,775 | INFO     | src.models.trainer | Fitting XGBoost with params: ['eval_set', 'verbose']
